Using pre-set license
Built from '2021.3/staging' branch; Version is '2021.3.15f1 (e8e88683f834) revision 15263878'; Using compiler version '192829333'; Build Type 'Release'
OS: 'Windows 10  (10.0.19045) 64bit Core' Language: 'en' Physical Memory: 15288 MB
BatchMode: 1, IsHumanControllingUs: 0, StartBugReporterOnCrash: 0, Is64bit: 1, IsPro: 1

COMMAND LINE ARGUMENTS:
D:\Unity\2021.3.15f1\Editor\Unity.exe
-adb2
-batchMode
-noUpm
-name
AssetImportWorker0
-projectPath
D:/Unity Games/GDS-Trash_Game/GDS2 Assignment 01 Trash Game
-logFile
Logs/AssetImportWorker0.log
-srvPort
54863
Successfully changed project path to: D:/Unity Games/GDS-Trash_Game/GDS2 Assignment 01 Trash Game
D:/Unity Games/GDS-Trash_Game/GDS2 Assignment 01 Trash Game
[UnityMemory] Configuration Parameters - Can be set up in boot.config
    "memorysetup-bucket-allocator-granularity=16"
    "memorysetup-bucket-allocator-bucket-count=8"
    "memorysetup-bucket-allocator-block-size=33554432"
    "memorysetup-bucket-allocator-block-count=8"
    "memorysetup-main-allocator-block-size=16777216"
    "memorysetup-thread-allocator-block-size=16777216"
    "memorysetup-gfx-main-allocator-block-size=16777216"
    "memorysetup-gfx-thread-allocator-block-size=16777216"
    "memorysetup-cache-allocator-block-size=4194304"
    "memorysetup-typetree-allocator-block-size=2097152"
    "memorysetup-profiler-bucket-allocator-granularity=16"
    "memorysetup-profiler-bucket-allocator-bucket-count=8"
    "memorysetup-profiler-bucket-allocator-block-size=33554432"
    "memorysetup-profiler-bucket-allocator-block-count=8"
    "memorysetup-profiler-allocator-block-size=16777216"
    "memorysetup-profiler-editor-allocator-block-size=1048576"
    "memorysetup-temp-allocator-size-main=16777216"
    "memorysetup-job-temp-allocator-block-size=2097152"
    "memorysetup-job-temp-allocator-block-size-background=1048576"
    "memorysetup-job-temp-allocator-reduction-small-platforms=262144"
    "memorysetup-temp-allocator-size-background-worker=32768"
    "memorysetup-temp-allocator-size-job-worker=262144"
    "memorysetup-temp-allocator-size-preload-manager=33554432"
    "memorysetup-temp-allocator-size-nav-mesh-worker=65536"
    "memorysetup-temp-allocator-size-audio-worker=65536"
    "memorysetup-temp-allocator-size-cloud-worker=32768"
    "memorysetup-temp-allocator-size-gi-baking-worker=262144"
    "memorysetup-temp-allocator-size-gfx=262144"
Player connection [17692] Host "[IP] 192.168.1.9 [Port] 0 [Flags] 2 [Guid] 854727839 [EditorId] 854727839 [Version] 1048832 [Id] WindowsEditor(7,DESKTOP-VMRALPO) [Debug] 1 [PackageName] WindowsEditor [ProjectName] Editor" joined multi-casting on [225.0.0.222:54997]...

Player connection [17692] Host "[IP] 192.168.1.9 [Port] 0 [Flags] 2 [Guid] 854727839 [EditorId] 854727839 [Version] 1048832 [Id] WindowsEditor(7,DESKTOP-VMRALPO) [Debug] 1 [PackageName] WindowsEditor [ProjectName] Editor" joined alternative multi-casting on [225.0.0.222:34997]...

Refreshing native plugins compatible for Editor in 149.18 ms, found 4 plugins.
Preloading 0 native plugins for Editor in 0.00 ms.
Initialize engine version: 2021.3.15f1 (e8e88683f834)
[Subsystems] Discovering subsystems at path D:/Unity/2021.3.15f1/Editor/Data/Resources/UnitySubsystems
[Subsystems] Discovering subsystems at path D:/Unity Games/GDS-Trash_Game/GDS2 Assignment 01 Trash Game/Assets
GfxDevice: creating device client; threaded=0; jobified=0
Direct3D:
    Version:  Direct3D 11.0 [level 11.1]
    Renderer: Radeon RX550/550 Series (ID=0x699f)
    Vendor:   ATI
    VRAM:     2027 MB
    Driver:   31.0.12027.9001
Initialize mono
Mono path[0] = 'D:/Unity/2021.3.15f1/Editor/Data/Managed'
Mono path[1] = 'D:/Unity/2021.3.15f1/Editor/Data/MonoBleedingEdge/lib/mono/unityjit-win32'
Mono config path = 'D:/Unity/2021.3.15f1/Editor/Data/MonoBleedingEdge/etc'
Using monoOptions --debugger-agent=transport=dt_socket,embedding=1,server=y,suspend=n,address=127.0.0.1:56292
Begin MonoManager ReloadAssembly
Registering precompiled unity dll's ...
Register platform support module: D:/Unity/2021.3.15f1/Editor/Data/PlaybackEngines/WindowsStandaloneSupport/UnityEditor.WindowsStandalone.Extensions.dll
Registered in 0.003418 seconds.
Native extension for WindowsStandalone target not found
Refreshing native plugins compatible for Editor in 47.92 ms, found 4 plugins.
Preloading 0 native plugins for Editor in 0.00 ms.
Mono: successfully reloaded assembly
- Completed reload, in  0.891 seconds
Domain Reload Profiling:
	ReloadAssembly (892ms)
		BeginReloadAssembly (103ms)
			ExecutionOrderSort (0ms)
			DisableScriptedObjects (0ms)
			BackupInstance (0ms)
			ReleaseScriptingObjects (0ms)
			CreateAndSetChildDomain (1ms)
		EndReloadAssembly (614ms)
			LoadAssemblies (102ms)
			RebuildTransferFunctionScriptingTraits (0ms)
			SetupTypeCache (177ms)
			ReleaseScriptCaches (0ms)
			RebuildScriptCaches (32ms)
			SetupLoadedEditorAssemblies (339ms)
				LogAssemblyErrors (0ms)
				InitializePlatformSupportModulesInManaged (8ms)
				SetLoadedEditorAssemblies (0ms)
				RefreshPlugins (48ms)
				BeforeProcessingInitializeOnLoad (2ms)
				ProcessInitializeOnLoadAttributes (220ms)
				ProcessInitializeOnLoadMethodAttributes (60ms)
				AfterProcessingInitializeOnLoad (0ms)
				EditorAssembliesLoaded (0ms)
			ExecutionOrderSort2 (0ms)
			AwakeInstancesAfterBackupRestoration (0ms)
Platform modules already initialized, skipping
Registering precompiled user dll's ...
Registered in 0.006751 seconds.
Begin MonoManager ReloadAssembly
Native extension for WindowsStandalone target not found
Refreshing native plugins compatible for Editor in 0.79 ms, found 4 plugins.
Preloading 0 native plugins for Editor in 0.00 ms.
Mono: successfully reloaded assembly
- Completed reload, in  1.250 seconds
Domain Reload Profiling:
	ReloadAssembly (1252ms)
		BeginReloadAssembly (166ms)
			ExecutionOrderSort (0ms)
			DisableScriptedObjects (10ms)
			BackupInstance (0ms)
			ReleaseScriptingObjects (0ms)
			CreateAndSetChildDomain (26ms)
		EndReloadAssembly (922ms)
			LoadAssemblies (111ms)
			RebuildTransferFunctionScriptingTraits (0ms)
			SetupTypeCache (281ms)
			ReleaseScriptCaches (1ms)
			RebuildScriptCaches (61ms)
			SetupLoadedEditorAssemblies (426ms)
				LogAssemblyErrors (0ms)
				InitializePlatformSupportModulesInManaged (6ms)
				SetLoadedEditorAssemblies (1ms)
				RefreshPlugins (1ms)
				BeforeProcessingInitializeOnLoad (66ms)
				ProcessInitializeOnLoadAttributes (307ms)
				ProcessInitializeOnLoadMethodAttributes (42ms)
				AfterProcessingInitializeOnLoad (4ms)
				EditorAssembliesLoaded (0ms)
			ExecutionOrderSort2 (0ms)
			AwakeInstancesAfterBackupRestoration (8ms)
Platform modules already initialized, skipping
========================================================================
Worker process is ready to serve import requests
Launched and connected shader compiler UnityShaderCompiler.exe after 0.08 seconds
Refreshing native plugins compatible for Editor in 1.03 ms, found 4 plugins.
Preloading 0 native plugins for Editor in 0.00 ms.
Unloading 1815 Unused Serialized files (Serialized files now loaded: 0)
Unloading 79 unused Assets / (49.9 KB). Loaded Objects now: 2237.
Memory consumption went from 89.1 MB to 89.1 MB.
Total: 4.121300 ms (FindLiveObjects: 0.217900 ms CreateObjectMapping: 0.063100 ms MarkObjects: 3.701200 ms  DeleteObjects: 0.137900 ms)

AssetImportParameters requested are different than current active one (requested -> active):
  custom:video-decoder-ogg-theora: a1e56fd34408186e4bbccfd4996cb3dc -> 
  custom:container-muxer-webm: aa71ff27fc2769a1b78a27578f13a17b -> 
  custom:container-demuxer-webm: 4f35f7cbe854078d1ac9338744f61a02 -> 
  custom:video-encoder-webm-vp8: eb34c28f22e8b96e1ab97ce403110664 -> 
  custom:audio-encoder-webm-vorbis: bf7c407c2cedff20999df2af8eb42d56 -> 
  custom:framework-win-MediaFoundation: 216162199b28c13a410421893ffa2e32 -> 
  custom:container-demuxer-ogg: 62fdf1f143b41e24485cea50d1cbac27 -> 
  custom:video-decoder-webm-vp8: 9c59270c3fd7afecdb556c50c9e8de78 -> 
  custom:audio-decoder-ogg-vorbis: bf7c407c2cedff20999df2af8eb42d56 -> 
========================================================================
Received Import Request.
  Time since last request: 161940.090688 seconds.
  path: Assets/SplineMesh/Doc.txt
  artifactKey: Guid(9f209adc2d95dcf4fb2ccf5d8355a3b9) Importer(815301076,1909f56bfc062723c751e8b465ee728b)
Start importing Assets/SplineMesh/Doc.txt using Guid(9f209adc2d95dcf4fb2ccf5d8355a3b9) Importer(815301076,1909f56bfc062723c751e8b465ee728b)  -> (artifact id: '7bb7c66ff767d8e839e0a2002bf2a63b') in 0.117435 seconds 
========================================================================
Received Import Request.
  Time since last request: 60.008587 seconds.
  path: Assets/Park Assets/Models/Bench.fbx
  artifactKey: Guid(30d872e7273ede5469e4fa7526c55130) Importer(815301076,1909f56bfc062723c751e8b465ee728b)
Start importing Assets/Park Assets/Models/Bench.fbx using Guid(30d872e7273ede5469e4fa7526c55130) Importer(815301076,1909f56bfc062723c751e8b465ee728b)  -> (artifact id: 'e1e6b148a9ac36acc1ca2275cccd38b9') in 0.643067 seconds 
========================================================================
Received Import Request.
  Time since last request: 0.000021 seconds.
  path: Assets/Park Assets/Models/Flower_1.fbx
  artifactKey: Guid(66abc4e0dfcc6bf478424249b8cfa8cc) Importer(815301076,1909f56bfc062723c751e8b465ee728b)
Start importing Assets/Park Assets/Models/Flower_1.fbx using Guid(66abc4e0dfcc6bf478424249b8cfa8cc) Importer(815301076,1909f56bfc062723c751e8b465ee728b)  -> (artifact id: 'eaf202536c1a930907c9339fe14a3a8b') in 0.014974 seconds 
========================================================================
Received Import Request.
  Time since last request: 0.000170 seconds.
  path: Assets/Park Assets/Models/Flower_2.fbx
  artifactKey: Guid(ff5729a1f1a706043a905443786a328d) Importer(815301076,1909f56bfc062723c751e8b465ee728b)
Start importing Assets/Park Assets/Models/Flower_2.fbx using Guid(ff5729a1f1a706043a905443786a328d) Importer(815301076,1909f56bfc062723c751e8b465ee728b)  -> (artifact id: 'd1343d8a316a4523d5ac92949605f1ad') in 0.013413 seconds 
========================================================================
Received Import Request.
  Time since last request: 0.000024 seconds.
  path: Assets/SplineMesh/DemoAssets/Mesh/Railling.fbx
  artifactKey: Guid(75a08385e127b9944b8a9e21320e8b88) Importer(815301076,1909f56bfc062723c751e8b465ee728b)
Start importing Assets/SplineMesh/DemoAssets/Mesh/Railling.fbx using Guid(75a08385e127b9944b8a9e21320e8b88) Importer(815301076,1909f56bfc062723c751e8b465ee728b)  -> (artifact id: '9c2288de5b7ae5dc26ac8e654d847b28') in 0.017119 seconds 
========================================================================
Received Import Request.
  Time since last request: 0.000035 seconds.
  path: Assets/Park Assets/Models/Bush.fbx
  artifactKey: Guid(5c81e9317993fba43afcf431416cf177) Importer(815301076,1909f56bfc062723c751e8b465ee728b)
Start importing Assets/Park Assets/Models/Bush.fbx using Guid(5c81e9317993fba43afcf431416cf177) Importer(815301076,1909f56bfc062723c751e8b465ee728b)  -> (artifact id: '4d4bca1c57fbe068a48386e73171d3ce') in 0.017948 seconds 
========================================================================
Received Import Request.
  Time since last request: 0.000020 seconds.
  path: Assets/SplineMesh/DemoAssets/Mesh/cylinder.dae
  artifactKey: Guid(500594a39d643774c8e028335ee33da7) Importer(815301076,1909f56bfc062723c751e8b465ee728b)
Start importing Assets/SplineMesh/DemoAssets/Mesh/cylinder.dae using Guid(500594a39d643774c8e028335ee33da7) Importer(815301076,1909f56bfc062723c751e8b465ee728b)  -> (artifact id: '22632e82187b7072ccf03b9debaaf4aa') in 0.096370 seconds 
========================================================================
Received Import Request.
  Time since last request: 0.000027 seconds.
  path: Assets/Park Assets/Models/Hill_01.fbx
  artifactKey: Guid(d5bc75c3e8fd6f74797ce7837813f31a) Importer(815301076,1909f56bfc062723c751e8b465ee728b)
Start importing Assets/Park Assets/Models/Hill_01.fbx using Guid(d5bc75c3e8fd6f74797ce7837813f31a) Importer(815301076,1909f56bfc062723c751e8b465ee728b)  -> (artifact id: 'b4dcd84e1dffa6c8cd8b56d391e46491') in 0.042663 seconds 
========================================================================
Received Import Request.
  Time since last request: 0.000019 seconds.
  path: Assets/Snowconesolid Assets/Super Rubber Duck Pack/Mesh/RubberDuck_Blue.fbx
  artifactKey: Guid(73e88d599ffc72e4fb71ff486dabc515) Importer(815301076,1909f56bfc062723c751e8b465ee728b)
Start importing Assets/Snowconesolid Assets/Super Rubber Duck Pack/Mesh/RubberDuck_Blue.fbx using Guid(73e88d599ffc72e4fb71ff486dabc515) Importer(815301076,1909f56bfc062723c751e8b465ee728b)  -> (artifact id: '87748bf69b261bbbe74abb3e6ca05300') in 0.014737 seconds 
========================================================================
Received Import Request.
  Time since last request: 0.000053 seconds.
  path: Assets/Snowconesolid Assets/Super Rubber Duck Pack/Mesh/RubberDuck_Black.fbx
  artifactKey: Guid(bba15a401835a274586eb834aaa72480) Importer(815301076,1909f56bfc062723c751e8b465ee728b)
Start importing Assets/Snowconesolid Assets/Super Rubber Duck Pack/Mesh/RubberDuck_Black.fbx using Guid(bba15a401835a274586eb834aaa72480) Importer(815301076,1909f56bfc062723c751e8b465ee728b)  -> (artifact id: '5029e15fa47b0b875cdb8fc0e3523ee7') in 0.016446 seconds 
========================================================================
Received Import Request.
  Time since last request: 0.000028 seconds.
  path: Assets/Park Assets/Models/Flower Box.fbx
  artifactKey: Guid(c10c625b7658b5649ab1801f59185fb5) Importer(815301076,1909f56bfc062723c751e8b465ee728b)
Start importing Assets/Park Assets/Models/Flower Box.fbx using Guid(c10c625b7658b5649ab1801f59185fb5) Importer(815301076,1909f56bfc062723c751e8b465ee728b)  -> (artifact id: '941125cfdc0dbab68c260d671d245ca6') in 0.017906 seconds 
========================================================================
Received Import Request.
  Time since last request: 0.000019 seconds.
  path: Assets/Park Assets/Models/Cloud.fbx
  artifactKey: Guid(94c5b8c2b91db584f92d250c3ea40652) Importer(815301076,1909f56bfc062723c751e8b465ee728b)
Start importing Assets/Park Assets/Models/Cloud.fbx using Guid(94c5b8c2b91db584f92d250c3ea40652) Importer(815301076,1909f56bfc062723c751e8b465ee728b)  -> (artifact id: '061232af912cc2e64d68f3a55b8657e7') in 0.023269 seconds 
========================================================================
Received Import Request.
  Time since last request: 0.000018 seconds.
  path: Assets/Park Assets/Models/Grass_01.fbx
  artifactKey: Guid(164443ba96beb14469c74db2e920ecb0) Importer(815301076,1909f56bfc062723c751e8b465ee728b)
Start importing Assets/Park Assets/Models/Grass_01.fbx using Guid(164443ba96beb14469c74db2e920ecb0) Importer(815301076,1909f56bfc062723c751e8b465ee728b)  -> (artifact id: 'b9a429bde9d72ee9a1c4129d4e4115ac') in 0.021986 seconds 
========================================================================
Received Import Request.
  Time since last request: 0.000018 seconds.
  path: Assets/Park Assets/Models/Lantern.fbx
  artifactKey: Guid(bcc97604cd1444d439d9832cb2a7a778) Importer(815301076,1909f56bfc062723c751e8b465ee728b)
Start importing Assets/Park Assets/Models/Lantern.fbx using Guid(bcc97604cd1444d439d9832cb2a7a778) Importer(815301076,1909f56bfc062723c751e8b465ee728b)  -> (artifact id: '1677385a1bb3029cf7334a75cbde693e') in 0.022447 seconds 
========================================================================
Received Import Request.
  Time since last request: 0.000021 seconds.
  path: Assets/Park Assets/Models/Gazebo.fbx
  artifactKey: Guid(80b54a05760eba94990a2be93618e0eb) Importer(815301076,1909f56bfc062723c751e8b465ee728b)
Start importing Assets/Park Assets/Models/Gazebo.fbx using Guid(80b54a05760eba94990a2be93618e0eb) Importer(815301076,1909f56bfc062723c751e8b465ee728b)  -> (artifact id: 'ec50af173c12f6a343d9d9621357b17a') in 0.022343 seconds 
========================================================================
Received Import Request.
  Time since last request: 0.138726 seconds.
  path: Assets/Snowconesolid Assets/Super Rubber Duck Pack/Mesh/RubberDuck_Cyan.fbx
  artifactKey: Guid(6a74a937c6f7a534aaa76ee893d9ddeb) Importer(815301076,1909f56bfc062723c751e8b465ee728b)
Start importing Assets/Snowconesolid Assets/Super Rubber Duck Pack/Mesh/RubberDuck_Cyan.fbx using Guid(6a74a937c6f7a534aaa76ee893d9ddeb) Importer(815301076,1909f56bfc062723c751e8b465ee728b)  -> (artifact id: '32b311ee3edcf8660e4aa9e42b6e8fb7') in 0.041166 seconds 
========================================================================
Received Import Request.
  Time since last request: 0.000021 seconds.
  path: Assets/Snowconesolid Assets/Super Rubber Duck Pack/Mesh/RubberDuck_Orange.fbx
  artifactKey: Guid(ce69d3c7a4f70ae40b6f97416c93c2c5) Importer(815301076,1909f56bfc062723c751e8b465ee728b)
Start importing Assets/Snowconesolid Assets/Super Rubber Duck Pack/Mesh/RubberDuck_Orange.fbx using Guid(ce69d3c7a4f70ae40b6f97416c93c2c5) Importer(815301076,1909f56bfc062723c751e8b465ee728b)  -> (artifact id: 'b7aee784ed1aac7c9783c2dc3a82b353') in 0.015886 seconds 
========================================================================
Received Import Request.
  Time since last request: 0.000025 seconds.
  path: Assets/Snowconesolid Assets/Super Rubber Duck Pack/Mesh/RubberDuck_Pink.fbx
  artifactKey: Guid(e792e604934a3d74eba174688a1d4c3e) Importer(815301076,1909f56bfc062723c751e8b465ee728b)
Start importing Assets/Snowconesolid Assets/Super Rubber Duck Pack/Mesh/RubberDuck_Pink.fbx using Guid(e792e604934a3d74eba174688a1d4c3e) Importer(815301076,1909f56bfc062723c751e8b465ee728b)  -> (artifact id: '7267ac21abdcb204701516756d169943') in 0.018949 seconds 
========================================================================
Received Import Request.
  Time since last request: 0.000026 seconds.
  path: Assets/Snowconesolid Assets/Super Rubber Duck Pack/Mesh/RubberDuck_GreenDark.fbx
  artifactKey: Guid(dfeed8661f2a0a6448eeced2f917c99d) Importer(815301076,1909f56bfc062723c751e8b465ee728b)
Start importing Assets/Snowconesolid Assets/Super Rubber Duck Pack/Mesh/RubberDuck_GreenDark.fbx using Guid(dfeed8661f2a0a6448eeced2f917c99d) Importer(815301076,1909f56bfc062723c751e8b465ee728b)  -> (artifact id: 'e69cfdfdc37b638fd47c48258cef5cba') in 0.016581 seconds 
========================================================================
Received Import Request.
  Time since last request: 0.000021 seconds.
  path: Assets/Snowconesolid Assets/Super Rubber Duck Pack/Mesh/RubberDuck_Purple.fbx
  artifactKey: Guid(05230f4f275270a4b9150087d3d07d80) Importer(815301076,1909f56bfc062723c751e8b465ee728b)
Start importing Assets/Snowconesolid Assets/Super Rubber Duck Pack/Mesh/RubberDuck_Purple.fbx using Guid(05230f4f275270a4b9150087d3d07d80) Importer(815301076,1909f56bfc062723c751e8b465ee728b)  -> (artifact id: '184f8f74b97ae6e59740b480989900d5') in 0.035015 seconds 
========================================================================
Received Import Request.
  Time since last request: 0.000030 seconds.
  path: Assets/Snowconesolid Assets/Super Rubber Duck Pack/Mesh/RubberDuck_Pond.fbx
  artifactKey: Guid(ccdb9f73720f5c14e9096aaab8ef5483) Importer(815301076,1909f56bfc062723c751e8b465ee728b)
Start importing Assets/Snowconesolid Assets/Super Rubber Duck Pack/Mesh/RubberDuck_Pond.fbx using Guid(ccdb9f73720f5c14e9096aaab8ef5483) Importer(815301076,1909f56bfc062723c751e8b465ee728b)  -> (artifact id: '99dee5abbd8b8f3bf5f69cda83c8589f') in 0.018265 seconds 
========================================================================
Received Import Request.
  Time since last request: 0.000028 seconds.
  path: Assets/Snowconesolid Assets/Super Rubber Duck Pack/Mesh/RubberDuck_LightPurple.fbx
  artifactKey: Guid(d3a659c406a6b6c4dbe49af16b0e412a) Importer(815301076,1909f56bfc062723c751e8b465ee728b)
Start importing Assets/Snowconesolid Assets/Super Rubber Duck Pack/Mesh/RubberDuck_LightPurple.fbx using Guid(d3a659c406a6b6c4dbe49af16b0e412a) Importer(815301076,1909f56bfc062723c751e8b465ee728b)  -> (artifact id: 'ffac665fd30baf73c546b40032e796ec') in 0.019234 seconds 
========================================================================
Received Import Request.
  Time since last request: 0.000019 seconds.
  path: Assets/Snowconesolid Assets/Super Rubber Duck Pack/Mesh/RubberDuck_GreenNeon.fbx
  artifactKey: Guid(b61e71f8bc623f243a4827373631ed5d) Importer(815301076,1909f56bfc062723c751e8b465ee728b)
Start importing Assets/Snowconesolid Assets/Super Rubber Duck Pack/Mesh/RubberDuck_GreenNeon.fbx using Guid(b61e71f8bc623f243a4827373631ed5d) Importer(815301076,1909f56bfc062723c751e8b465ee728b)  -> (artifact id: '2c9a96ea7310d6d94bd732ce8e8ea55d') in 0.042854 seconds 
========================================================================
Received Import Request.
  Time since last request: 0.167321 seconds.
  path: Assets/Snowconesolid Assets/Super Rubber Duck Pack/Mesh/RubberDuck_Red.fbx
  artifactKey: Guid(e9b20f339e41d42409993f01aec5ac61) Importer(815301076,1909f56bfc062723c751e8b465ee728b)
Start importing Assets/Snowconesolid Assets/Super Rubber Duck Pack/Mesh/RubberDuck_Red.fbx using Guid(e9b20f339e41d42409993f01aec5ac61) Importer(815301076,1909f56bfc062723c751e8b465ee728b)  -> (artifact id: '409528c3475f6ba6c5220c1f31a4d3f5') in 0.073160 seconds 
========================================================================
Received Import Request.
  Time since last request: 0.000024 seconds.
  path: Assets/Snowconesolid Assets/Super Rubber Duck Pack/Mesh/RubberDuck_YinYang.fbx
  artifactKey: Guid(6b4e336501cde914f9c42053018abd57) Importer(815301076,1909f56bfc062723c751e8b465ee728b)
Start importing Assets/Snowconesolid Assets/Super Rubber Duck Pack/Mesh/RubberDuck_YinYang.fbx using Guid(6b4e336501cde914f9c42053018abd57) Importer(815301076,1909f56bfc062723c751e8b465ee728b)  -> (artifact id: '355086048a113470c846e528f72a3250') in 0.019283 seconds 
========================================================================
Received Import Request.
  Time since last request: 0.000026 seconds.
  path: Assets/Snowconesolid Assets/Super Rubber Duck Pack/Mesh/RubberDuck_RedEye.fbx
  artifactKey: Guid(6f8500d9b2e1cd340be53bee0f9b8962) Importer(815301076,1909f56bfc062723c751e8b465ee728b)
Start importing Assets/Snowconesolid Assets/Super Rubber Duck Pack/Mesh/RubberDuck_RedEye.fbx using Guid(6f8500d9b2e1cd340be53bee0f9b8962) Importer(815301076,1909f56bfc062723c751e8b465ee728b)  -> (artifact id: '496965349cf0ab2bc93b0cd9b5303ab9') in 0.021369 seconds 
========================================================================
Received Import Request.
  Time since last request: 0.000027 seconds.
  path: Assets/Park Assets/Models/Stone1.fbx
  artifactKey: Guid(3ba6e2c5d0e375f4989061e086e8d5e5) Importer(815301076,1909f56bfc062723c751e8b465ee728b)
Start importing Assets/Park Assets/Models/Stone1.fbx using Guid(3ba6e2c5d0e375f4989061e086e8d5e5) Importer(815301076,1909f56bfc062723c751e8b465ee728b)  -> (artifact id: 'c6c5d4febf29679a0e35b67f03cf9ca2') in 0.054944 seconds 
========================================================================
Received Import Request.
  Time since last request: 0.000023 seconds.
  path: Assets/Snowconesolid Assets/Super Rubber Duck Pack/Mesh/RubberDuck_Yellow.fbx
  artifactKey: Guid(b16ba7bf9e24764469c69d2b339a7680) Importer(815301076,1909f56bfc062723c751e8b465ee728b)
Start importing Assets/Snowconesolid Assets/Super Rubber Duck Pack/Mesh/RubberDuck_Yellow.fbx using Guid(b16ba7bf9e24764469c69d2b339a7680) Importer(815301076,1909f56bfc062723c751e8b465ee728b)  -> (artifact id: 'c2e905269458cf84d380b5885ec603dd') in 0.035505 seconds 
========================================================================
Received Import Request.
  Time since last request: 0.000039 seconds.
  path: Assets/Snowconesolid Assets/Super Rubber Duck Pack/Mesh/RubberDuck_White.fbx
  artifactKey: Guid(4a64f5e7a1e0d9a4884883d74c91f936) Importer(815301076,1909f56bfc062723c751e8b465ee728b)
Start importing Assets/Snowconesolid Assets/Super Rubber Duck Pack/Mesh/RubberDuck_White.fbx using Guid(4a64f5e7a1e0d9a4884883d74c91f936) Importer(815301076,1909f56bfc062723c751e8b465ee728b)  -> (artifact id: '2f96689acd5aeb493ca6d6dd71b33077') in 0.020563 seconds 
========================================================================
Received Import Request.
  Time since last request: 0.079449 seconds.
  path: Assets/Park Assets/Models/Stone2.fbx
  artifactKey: Guid(1714c95ef136a5548bd559835cad51e7) Importer(815301076,1909f56bfc062723c751e8b465ee728b)
Start importing Assets/Park Assets/Models/Stone2.fbx using Guid(1714c95ef136a5548bd559835cad51e7) Importer(815301076,1909f56bfc062723c751e8b465ee728b)  -> (artifact id: 'bee389876a209df552fe55c5c8880d16') in 0.017555 seconds 
========================================================================
Received Import Request.
  Time since last request: 0.000021 seconds.
  path: Assets/Park Assets/Models/Stone_Path_EdgePiece2.fbx
  artifactKey: Guid(bbe04970bb9d1774aa834e9af4a60b38) Importer(815301076,1909f56bfc062723c751e8b465ee728b)
Start importing Assets/Park Assets/Models/Stone_Path_EdgePiece2.fbx using Guid(bbe04970bb9d1774aa834e9af4a60b38) Importer(815301076,1909f56bfc062723c751e8b465ee728b)  -> (artifact id: 'fe01c09924051bc12a4c41c4f272c126') in 0.014772 seconds 
========================================================================
Received Import Request.
  Time since last request: 0.000024 seconds.
  path: Assets/Park Assets/Models/Stone_Path_Bank.fbx
  artifactKey: Guid(8171e3b3272507049b22f3076cd1518f) Importer(815301076,1909f56bfc062723c751e8b465ee728b)
Start importing Assets/Park Assets/Models/Stone_Path_Bank.fbx using Guid(8171e3b3272507049b22f3076cd1518f) Importer(815301076,1909f56bfc062723c751e8b465ee728b)  -> (artifact id: 'd3a5b971ecce157acfdf460c6543b5a5') in 0.017660 seconds 
========================================================================
Received Import Request.
  Time since last request: 0.000019 seconds.
  path: Assets/Park Assets/Models/Stone_Path_Corner_Variant2.fbx
  artifactKey: Guid(3716645d558358a4cada25d98a98a88c) Importer(815301076,1909f56bfc062723c751e8b465ee728b)
Start importing Assets/Park Assets/Models/Stone_Path_Corner_Variant2.fbx using Guid(3716645d558358a4cada25d98a98a88c) Importer(815301076,1909f56bfc062723c751e8b465ee728b)  -> (artifact id: '1189266cb093cfeb7af587f21154c6c8') in 0.016283 seconds 
========================================================================
Received Import Request.
  Time since last request: 0.017869 seconds.
  path: Assets/Park Assets/Models/Stone_Path_Straight_Variant2.fbx
  artifactKey: Guid(c4a5ac2958ac101418f71a82c3cde714) Importer(815301076,1909f56bfc062723c751e8b465ee728b)
Start importing Assets/Park Assets/Models/Stone_Path_Straight_Variant2.fbx using Guid(c4a5ac2958ac101418f71a82c3cde714) Importer(815301076,1909f56bfc062723c751e8b465ee728b)  -> (artifact id: 'c500eb9b786c86f7e06ccbba4adfee92') in 0.042283 seconds 
========================================================================
Received Import Request.
  Time since last request: 0.000021 seconds.
  path: Assets/Park Assets/Models/Stone_Path_TPart.fbx
  artifactKey: Guid(e677a06aa69708643808aa73b6e5ea44) Importer(815301076,1909f56bfc062723c751e8b465ee728b)
Start importing Assets/Park Assets/Models/Stone_Path_TPart.fbx using Guid(e677a06aa69708643808aa73b6e5ea44) Importer(815301076,1909f56bfc062723c751e8b465ee728b)  -> (artifact id: 'a3b628ba7f02118bf56addd1490a4e24') in 0.012399 seconds 
========================================================================
Received Import Request.
  Time since last request: 0.235694 seconds.
  path: Assets/Park Assets/Models/Tree1.fbx
  artifactKey: Guid(c8d83c4330305284d998e89bf4b3ff32) Importer(815301076,1909f56bfc062723c751e8b465ee728b)
Start importing Assets/Park Assets/Models/Tree1.fbx using Guid(c8d83c4330305284d998e89bf4b3ff32) Importer(815301076,1909f56bfc062723c751e8b465ee728b)  -> (artifact id: 'dbca09f7431a3c83cc63933cc19c2658') in 0.059424 seconds 
========================================================================
Received Import Request.
  Time since last request: 0.000030 seconds.
  path: Assets/Park Assets/Models/Tree2.fbx
  artifactKey: Guid(e4c3a76f690d2b341b188a2408c4c00f) Importer(815301076,1909f56bfc062723c751e8b465ee728b)
Start importing Assets/Park Assets/Models/Tree2.fbx using Guid(e4c3a76f690d2b341b188a2408c4c00f) Importer(815301076,1909f56bfc062723c751e8b465ee728b)  -> (artifact id: 'c1d761131d6bb6fa267dc775a9c1e3cb') in 0.015853 seconds 
========================================================================
Received Import Request.
  Time since last request: 14.615683 seconds.
  path: Assets/SplineMesh/DemoAssets/Materials/Default.mat
  artifactKey: Guid(c2ded7645929e1746befa52ddd920fbb) Importer(815301076,1909f56bfc062723c751e8b465ee728b)
Start importing Assets/SplineMesh/DemoAssets/Materials/Default.mat using Guid(c2ded7645929e1746befa52ddd920fbb) Importer(815301076,1909f56bfc062723c751e8b465ee728b)  -> (artifact id: 'dab78c49c0e688c09bfb3be69560782d') in 0.040736 seconds 
========================================================================
Received Import Request.
  Time since last request: 0.000023 seconds.
  path: Assets/Park Assets/Materials/Grass.mat
  artifactKey: Guid(240e05a8bd75c4b44978cec5eeda76f0) Importer(815301076,1909f56bfc062723c751e8b465ee728b)
Start importing Assets/Park Assets/Materials/Grass.mat using Guid(240e05a8bd75c4b44978cec5eeda76f0) Importer(815301076,1909f56bfc062723c751e8b465ee728b)  -> (artifact id: '9fcdaccde936dd9b56699fb7b449cb2a') in 0.011694 seconds 
========================================================================
Received Import Request.
  Time since last request: 0.000024 seconds.
  path: Assets/Park Assets/Materials/Low_Poly_Mat_Variant1.mat
  artifactKey: Guid(9b72e6fbb8e97094396e14960b5c42a9) Importer(815301076,1909f56bfc062723c751e8b465ee728b)
Start importing Assets/Park Assets/Materials/Low_Poly_Mat_Variant1.mat using Guid(9b72e6fbb8e97094396e14960b5c42a9) Importer(815301076,1909f56bfc062723c751e8b465ee728b)  -> (artifact id: '522beb2c902a066a79589fc385587182') in 0.018008 seconds 
========================================================================
Received Import Request.
  Time since last request: 0.000022 seconds.
  path: Assets/Snowconesolid Assets/Super Rubber Duck Pack/Mesh/Materials/No Name.mat
  artifactKey: Guid(77371786cfcbeb346a8f9bddfe586a24) Importer(815301076,1909f56bfc062723c751e8b465ee728b)
Start importing Assets/Snowconesolid Assets/Super Rubber Duck Pack/Mesh/Materials/No Name.mat using Guid(77371786cfcbeb346a8f9bddfe586a24) Importer(815301076,1909f56bfc062723c751e8b465ee728b)  -> (artifact id: '2c4250abedb101d3a3c55fe2371a6cd2') in 0.009095 seconds 
========================================================================
Received Import Request.
  Time since last request: 0.000021 seconds.
  path: Assets/Snowconesolid Assets/Super Rubber Duck Pack/Materials/Material_RubberDuck_Mobile.mat
  artifactKey: Guid(ed6765f2adb20ad44ae4a2f49985cf73) Importer(815301076,1909f56bfc062723c751e8b465ee728b)
Start importing Assets/Snowconesolid Assets/Super Rubber Duck Pack/Materials/Material_RubberDuck_Mobile.mat using Guid(ed6765f2adb20ad44ae4a2f49985cf73) Importer(815301076,1909f56bfc062723c751e8b465ee728b)  -> (artifact id: '9e3f8dffb5ed56493e1630fbcb919ddc') in 0.176396 seconds 
========================================================================
Received Import Request.
  Time since last request: 0.000033 seconds.
  path: Assets/Park Assets/Materials/Low_Poly_Mat.mat
  artifactKey: Guid(97624b71c12bc624ba1e7148e6470055) Importer(815301076,1909f56bfc062723c751e8b465ee728b)
Start importing Assets/Park Assets/Materials/Low_Poly_Mat.mat using Guid(97624b71c12bc624ba1e7148e6470055) Importer(815301076,1909f56bfc062723c751e8b465ee728b)  -> (artifact id: '5f242677fc4dae03fb2ebe51a7ca4f3e') in 0.011034 seconds 
========================================================================
Received Import Request.
  Time since last request: 0.000023 seconds.
  path: Assets/Snowconesolid Assets/Super Rubber Duck Pack/Materials/Material_RubberDuck.mat
  artifactKey: Guid(69c780c5e94d10540a3c0c013dd4711c) Importer(815301076,1909f56bfc062723c751e8b465ee728b)
Start importing Assets/Snowconesolid Assets/Super Rubber Duck Pack/Materials/Material_RubberDuck.mat using Guid(69c780c5e94d10540a3c0c013dd4711c) Importer(815301076,1909f56bfc062723c751e8b465ee728b)  -> (artifact id: '498e2d80eebb8ae8ac98fec2b33405f8') in 0.319524 seconds 
========================================================================
Received Import Request.
  Time since last request: 0.027871 seconds.
  path: Assets/SplineMesh/DemoAssets/Materials/No Name.mat
  artifactKey: Guid(684e38a396e0e4a47b7d8888e140e426) Importer(815301076,1909f56bfc062723c751e8b465ee728b)
Start importing Assets/SplineMesh/DemoAssets/Materials/No Name.mat using Guid(684e38a396e0e4a47b7d8888e140e426) Importer(815301076,1909f56bfc062723c751e8b465ee728b)  -> (artifact id: 'f28d2a80f2b0dda78621ee9c1fd0e91b') in 0.007178 seconds 
========================================================================
Received Import Request.
  Time since last request: 0.000017 seconds.
  path: Assets/SplineMesh/DemoAssets/Materials/OrangeUVTester.mat
  artifactKey: Guid(863715256888b184fb566639a2b188cc) Importer(815301076,1909f56bfc062723c751e8b465ee728b)
Start importing Assets/SplineMesh/DemoAssets/Materials/OrangeUVTester.mat using Guid(863715256888b184fb566639a2b188cc) Importer(815301076,1909f56bfc062723c751e8b465ee728b)  -> (artifact id: '1a1b78199bf9da99922b594326d6c5a8') in 0.009516 seconds 
========================================================================
Received Import Request.
  Time since last request: 0.115441 seconds.
  path: Assets/SplineMesh/DemoAssets/Materials/ShinyOrange.mat
  artifactKey: Guid(c83e7f8994f9e3b42b86fa3691fc742b) Importer(815301076,1909f56bfc062723c751e8b465ee728b)
Start importing Assets/SplineMesh/DemoAssets/Materials/ShinyOrange.mat using Guid(c83e7f8994f9e3b42b86fa3691fc742b) Importer(815301076,1909f56bfc062723c751e8b465ee728b)  -> (artifact id: 'ab74ea502589e624c9142ab87b7ce053') in 0.011599 seconds 
========================================================================
Received Import Request.
  Time since last request: 0.000024 seconds.
  path: Assets/SplineMesh/DemoAssets/Materials/WetBlack.mat
  artifactKey: Guid(b8c8701b896a8184e8974775b53a7fd7) Importer(815301076,1909f56bfc062723c751e8b465ee728b)
Start importing Assets/SplineMesh/DemoAssets/Materials/WetBlack.mat using Guid(b8c8701b896a8184e8974775b53a7fd7) Importer(815301076,1909f56bfc062723c751e8b465ee728b)  -> (artifact id: '15fe07245b497aea2ea4c633878f89bb') in 0.207159 seconds 
========================================================================
Received Import Request.
  Time since last request: 0.000028 seconds.
  path: Assets/SplineMesh/DemoAssets/Mesh/Materials/texture.mat
  artifactKey: Guid(58433726f5cc13f4dbfb52944dbbcc11) Importer(815301076,1909f56bfc062723c751e8b465ee728b)
Start importing Assets/SplineMesh/DemoAssets/Mesh/Materials/texture.mat using Guid(58433726f5cc13f4dbfb52944dbbcc11) Importer(815301076,1909f56bfc062723c751e8b465ee728b)  -> (artifact id: '38fc192db5714e1139ef97ee1fefa897') in 0.011678 seconds 
========================================================================
Received Prepare
Registering precompiled user dll's ...
Registered in 0.007081 seconds.
Begin MonoManager ReloadAssembly
Native extension for WindowsStandalone target not found
Refreshing native plugins compatible for Editor in 1.28 ms, found 4 plugins.
Preloading 0 native plugins for Editor in 0.00 ms.
Mono: successfully reloaded assembly
- Completed reload, in  1.735 seconds
Domain Reload Profiling:
	ReloadAssembly (1736ms)
		BeginReloadAssembly (155ms)
			ExecutionOrderSort (0ms)
			DisableScriptedObjects (7ms)
			BackupInstance (0ms)
			ReleaseScriptingObjects (0ms)
			CreateAndSetChildDomain (40ms)
		EndReloadAssembly (1463ms)
			LoadAssemblies (96ms)
			RebuildTransferFunctionScriptingTraits (0ms)
			SetupTypeCache (346ms)
			ReleaseScriptCaches (6ms)
			RebuildScriptCaches (321ms)
			SetupLoadedEditorAssemblies (525ms)
				LogAssemblyErrors (0ms)
				InitializePlatformSupportModulesInManaged (22ms)
				SetLoadedEditorAssemblies (1ms)
				RefreshPlugins (1ms)
				BeforeProcessingInitializeOnLoad (81ms)
				ProcessInitializeOnLoadAttributes (366ms)
				ProcessInitializeOnLoadMethodAttributes (47ms)
				AfterProcessingInitializeOnLoad (5ms)
				EditorAssembliesLoaded (0ms)
			ExecutionOrderSort2 (0ms)
			AwakeInstancesAfterBackupRestoration (13ms)
Platform modules already initialized, skipping
Refreshing native plugins compatible for Editor in 11.36 ms, found 4 plugins.
Preloading 0 native plugins for Editor in 0.00 ms.
Unloading 1810 Unused Serialized files (Serialized files now loaded: 0)
Unloading 72 unused Assets / (32.8 KB). Loaded Objects now: 2285.
Memory consumption went from 93.5 MB to 93.4 MB.
Total: 4.423200 ms (FindLiveObjects: 0.217600 ms CreateObjectMapping: 0.061900 ms MarkObjects: 4.102700 ms  DeleteObjects: 0.039500 ms)

AssetImportParameters requested are different than current active one (requested -> active):
  custom:video-decoder-ogg-theora: a1e56fd34408186e4bbccfd4996cb3dc -> 
  custom:container-muxer-webm: aa71ff27fc2769a1b78a27578f13a17b -> 
  custom:container-demuxer-webm: 4f35f7cbe854078d1ac9338744f61a02 -> 
  custom:video-encoder-webm-vp8: eb34c28f22e8b96e1ab97ce403110664 -> 
  custom:audio-encoder-webm-vorbis: bf7c407c2cedff20999df2af8eb42d56 -> 
  custom:framework-win-MediaFoundation: 216162199b28c13a410421893ffa2e32 -> 
  custom:container-demuxer-ogg: 62fdf1f143b41e24485cea50d1cbac27 -> 
  custom:video-decoder-webm-vp8: 9c59270c3fd7afecdb556c50c9e8de78 -> 
  custom:audio-decoder-ogg-vorbis: bf7c407c2cedff20999df2af8eb42d56 -> 
========================================================================
Received Prepare
Registering precompiled user dll's ...
Registered in 0.008003 seconds.
Begin MonoManager ReloadAssembly
Native extension for WindowsStandalone target not found
Refreshing native plugins compatible for Editor in 0.95 ms, found 4 plugins.
Preloading 0 native plugins for Editor in 0.00 ms.
Mono: successfully reloaded assembly
- Completed reload, in  1.275 seconds
Domain Reload Profiling:
	ReloadAssembly (1276ms)
		BeginReloadAssembly (145ms)
			ExecutionOrderSort (0ms)
			DisableScriptedObjects (8ms)
			BackupInstance (0ms)
			ReleaseScriptingObjects (0ms)
			CreateAndSetChildDomain (36ms)
		EndReloadAssembly (1000ms)
			LoadAssemblies (89ms)
			RebuildTransferFunctionScriptingTraits (0ms)
			SetupTypeCache (242ms)
			ReleaseScriptCaches (1ms)
			RebuildScriptCaches (59ms)
			SetupLoadedEditorAssemblies (524ms)
				LogAssemblyErrors (0ms)
				InitializePlatformSupportModulesInManaged (23ms)
				SetLoadedEditorAssemblies (1ms)
				RefreshPlugins (1ms)
				BeforeProcessingInitializeOnLoad (83ms)
				ProcessInitializeOnLoadAttributes (364ms)
				ProcessInitializeOnLoadMethodAttributes (46ms)
				AfterProcessingInitializeOnLoad (5ms)
				EditorAssembliesLoaded (0ms)
			ExecutionOrderSort2 (0ms)
			AwakeInstancesAfterBackupRestoration (13ms)
Platform modules already initialized, skipping
Refreshing native plugins compatible for Editor in 11.59 ms, found 4 plugins.
Preloading 0 native plugins for Editor in 0.00 ms.
Unloading 1810 Unused Serialized files (Serialized files now loaded: 0)
Unloading 72 unused Assets / (32.8 KB). Loaded Objects now: 2288.
Memory consumption went from 93.5 MB to 93.4 MB.
Total: 3.989100 ms (FindLiveObjects: 0.167100 ms CreateObjectMapping: 0.039500 ms MarkObjects: 3.706700 ms  DeleteObjects: 0.074500 ms)

AssetImportParameters requested are different than current active one (requested -> active):
  custom:video-decoder-ogg-theora: a1e56fd34408186e4bbccfd4996cb3dc -> 
  custom:container-muxer-webm: aa71ff27fc2769a1b78a27578f13a17b -> 
  custom:container-demuxer-webm: 4f35f7cbe854078d1ac9338744f61a02 -> 
  custom:video-encoder-webm-vp8: eb34c28f22e8b96e1ab97ce403110664 -> 
  custom:audio-encoder-webm-vorbis: bf7c407c2cedff20999df2af8eb42d56 -> 
  custom:framework-win-MediaFoundation: 216162199b28c13a410421893ffa2e32 -> 
  custom:container-demuxer-ogg: 62fdf1f143b41e24485cea50d1cbac27 -> 
  custom:video-decoder-webm-vp8: 9c59270c3fd7afecdb556c50c9e8de78 -> 
  custom:audio-decoder-ogg-vorbis: bf7c407c2cedff20999df2af8eb42d56 -> 
========================================================================
Received Prepare
Registering precompiled user dll's ...
Registered in 0.011612 seconds.
Begin MonoManager ReloadAssembly
Native extension for WindowsStandalone target not found
Refreshing native plugins compatible for Editor in 2.16 ms, found 4 plugins.
Preloading 0 native plugins for Editor in 0.00 ms.
Mono: successfully reloaded assembly
- Completed reload, in  4.415 seconds
Domain Reload Profiling:
	ReloadAssembly (4416ms)
		BeginReloadAssembly (222ms)
			ExecutionOrderSort (0ms)
			DisableScriptedObjects (13ms)
			BackupInstance (0ms)
			ReleaseScriptingObjects (0ms)
			CreateAndSetChildDomain (55ms)
		EndReloadAssembly (4002ms)
			LoadAssemblies (150ms)
			RebuildTransferFunctionScriptingTraits (0ms)
			SetupTypeCache (1074ms)
			ReleaseScriptCaches (47ms)
			RebuildScriptCaches (394ms)
			SetupLoadedEditorAssemblies (1902ms)
				LogAssemblyErrors (0ms)
				InitializePlatformSupportModulesInManaged (83ms)
				SetLoadedEditorAssemblies (1ms)
				RefreshPlugins (9ms)
				BeforeProcessingInitializeOnLoad (259ms)
				ProcessInitializeOnLoadAttributes (1395ms)
				ProcessInitializeOnLoadMethodAttributes (149ms)
				AfterProcessingInitializeOnLoad (6ms)
				EditorAssembliesLoaded (0ms)
			ExecutionOrderSort2 (0ms)
			AwakeInstancesAfterBackupRestoration (59ms)
Platform modules already initialized, skipping
Refreshing native plugins compatible for Editor in 17.76 ms, found 4 plugins.
Preloading 0 native plugins for Editor in 0.00 ms.
Unloading 1810 Unused Serialized files (Serialized files now loaded: 0)
Unloading 72 unused Assets / (32.8 KB). Loaded Objects now: 2291.
Memory consumption went from 93.5 MB to 93.5 MB.
Total: 17.983300 ms (FindLiveObjects: 3.386000 ms CreateObjectMapping: 1.592500 ms MarkObjects: 12.926300 ms  DeleteObjects: 0.076400 ms)

AssetImportParameters requested are different than current active one (requested -> active):
  custom:video-decoder-ogg-theora: a1e56fd34408186e4bbccfd4996cb3dc -> 
  custom:container-muxer-webm: aa71ff27fc2769a1b78a27578f13a17b -> 
  custom:container-demuxer-webm: 4f35f7cbe854078d1ac9338744f61a02 -> 
  custom:video-encoder-webm-vp8: eb34c28f22e8b96e1ab97ce403110664 -> 
  custom:audio-encoder-webm-vorbis: bf7c407c2cedff20999df2af8eb42d56 -> 
  custom:framework-win-MediaFoundation: 216162199b28c13a410421893ffa2e32 -> 
  custom:container-demuxer-ogg: 62fdf1f143b41e24485cea50d1cbac27 -> 
  custom:video-decoder-webm-vp8: 9c59270c3fd7afecdb556c50c9e8de78 -> 
  custom:audio-decoder-ogg-vorbis: bf7c407c2cedff20999df2af8eb42d56 -> 
========================================================================
Received Import Request.
  Time since last request: 1041.748636 seconds.
  path: Assets/Park Assets/Prefab/Bench.prefab
  artifactKey: Guid(ed1dfd226a8bf2f418f812b254707036) Importer(815301076,1909f56bfc062723c751e8b465ee728b)
Start importing Assets/Park Assets/Prefab/Bench.prefab using Guid(ed1dfd226a8bf2f418f812b254707036) Importer(815301076,1909f56bfc062723c751e8b465ee728b)  -> (artifact id: '0c6b0c1a4d45c33f216f9386ea5713e0') in 0.381456 seconds 
========================================================================
Received Import Request.
  Time since last request: 0.000066 seconds.
  path: Assets/Park Assets/Prefab/Flower_1.prefab
  artifactKey: Guid(8d371c1d43d56e94b93bffa2f926a5f1) Importer(815301076,1909f56bfc062723c751e8b465ee728b)
Start importing Assets/Park Assets/Prefab/Flower_1.prefab using Guid(8d371c1d43d56e94b93bffa2f926a5f1) Importer(815301076,1909f56bfc062723c751e8b465ee728b)  -> (artifact id: 'c40aec9922aff30214a4804c2f63e5a5') in 0.011706 seconds 
========================================================================
Received Import Request.
  Time since last request: 0.000044 seconds.
  path: Assets/Park Assets/Prefab/Stone1.prefab
  artifactKey: Guid(fd7967a473bbbca4a83cf83b44fb7bb6) Importer(815301076,1909f56bfc062723c751e8b465ee728b)
Start importing Assets/Park Assets/Prefab/Stone1.prefab using Guid(fd7967a473bbbca4a83cf83b44fb7bb6) Importer(815301076,1909f56bfc062723c751e8b465ee728b)  -> (artifact id: 'a1d0c6a11695d5e00fbba4566117f255') in 0.014042 seconds 
========================================================================
Received Import Request.
  Time since last request: 0.000022 seconds.
  path: Assets/Park Assets/Prefab/Stone_Path_Bank.prefab
  artifactKey: Guid(092aabb8628e09e46ab22ed75bd34723) Importer(815301076,1909f56bfc062723c751e8b465ee728b)
Start importing Assets/Park Assets/Prefab/Stone_Path_Bank.prefab using Guid(092aabb8628e09e46ab22ed75bd34723) Importer(815301076,1909f56bfc062723c751e8b465ee728b)  -> (artifact id: '8f5b3dea594fef66182b060b3aa18c90') in 0.016001 seconds 
========================================================================
Received Import Request.
  Time since last request: 0.000023 seconds.
  path: Assets/Park Assets/Prefab/Hill_01.prefab
  artifactKey: Guid(620dfba8ed3cda6499892978b040ee38) Importer(815301076,1909f56bfc062723c751e8b465ee728b)
Start importing Assets/Park Assets/Prefab/Hill_01.prefab using Guid(620dfba8ed3cda6499892978b040ee38) Importer(815301076,1909f56bfc062723c751e8b465ee728b)  -> (artifact id: 'e107266ac40e563023a65072365238ef') in 0.015491 seconds 
========================================================================
Received Import Request.
  Time since last request: 0.000046 seconds.
  path: Assets/Park Assets/Prefab/Grass_01.prefab
  artifactKey: Guid(b5ce2da01dc06ad42b537d328b606c13) Importer(815301076,1909f56bfc062723c751e8b465ee728b)
Start importing Assets/Park Assets/Prefab/Grass_01.prefab using Guid(b5ce2da01dc06ad42b537d328b606c13) Importer(815301076,1909f56bfc062723c751e8b465ee728b)  -> (artifact id: 'f407ff4d1dc3ac670fbc4989a77e6295') in 0.014302 seconds 
========================================================================
Received Import Request.
  Time since last request: 0.000022 seconds.
  path: Assets/Park Assets/Prefab/Flower Box.prefab
  artifactKey: Guid(6e6cad4759f15bd48b12cedb96e4c40e) Importer(815301076,1909f56bfc062723c751e8b465ee728b)
Start importing Assets/Park Assets/Prefab/Flower Box.prefab using Guid(6e6cad4759f15bd48b12cedb96e4c40e) Importer(815301076,1909f56bfc062723c751e8b465ee728b)  -> (artifact id: '0925b80beca4e60b16f68506425571f6') in 0.015192 seconds 
========================================================================
Received Import Request.
  Time since last request: 0.000025 seconds.
  path: Assets/Park Assets/Prefab/Tree1.prefab
  artifactKey: Guid(d0540a66e665f984eab241d84c8a9963) Importer(815301076,1909f56bfc062723c751e8b465ee728b)
Start importing Assets/Park Assets/Prefab/Tree1.prefab using Guid(d0540a66e665f984eab241d84c8a9963) Importer(815301076,1909f56bfc062723c751e8b465ee728b)  -> (artifact id: '3d0b349b2332b5c00d4a02a832cd691e') in 0.025834 seconds 
========================================================================
Received Import Request.
  Time since last request: 0.000203 seconds.
  path: Assets/Park Assets/Prefab/Tree2.prefab
  artifactKey: Guid(cf28a4dd9a1a5b948a40dd44a4392f11) Importer(815301076,1909f56bfc062723c751e8b465ee728b)
Start importing Assets/Park Assets/Prefab/Tree2.prefab using Guid(cf28a4dd9a1a5b948a40dd44a4392f11) Importer(815301076,1909f56bfc062723c751e8b465ee728b)  -> (artifact id: 'a0fece7ec49db43080244551007378f9') in 0.017263 seconds 
========================================================================
Received Import Request.
  Time since last request: 0.000021 seconds.
  path: Assets/Park Assets/Prefab/Stone2.prefab
  artifactKey: Guid(79545157ec163ca42a69410e962f7c1b) Importer(815301076,1909f56bfc062723c751e8b465ee728b)
Start importing Assets/Park Assets/Prefab/Stone2.prefab using Guid(79545157ec163ca42a69410e962f7c1b) Importer(815301076,1909f56bfc062723c751e8b465ee728b)  -> (artifact id: 'd935cd67adb151a906b6f3d2e78654b2') in 0.015885 seconds 
========================================================================
Received Import Request.
  Time since last request: 0.000023 seconds.
  path: Assets/Park Assets/Prefab/Stone_Path_Straight.prefab
  artifactKey: Guid(2294ac72b60f4da46974d1f746b56439) Importer(815301076,1909f56bfc062723c751e8b465ee728b)
Start importing Assets/Park Assets/Prefab/Stone_Path_Straight.prefab using Guid(2294ac72b60f4da46974d1f746b56439) Importer(815301076,1909f56bfc062723c751e8b465ee728b)  -> (artifact id: 'ebd6b911be55029cdf34d20d237f0fea') in 0.018047 seconds 
========================================================================
Received Import Request.
  Time since last request: 0.000022 seconds.
  path: Assets/Park Assets/Prefab/Stone_Path_TPart.prefab
  artifactKey: Guid(c5781e87846ceb645852c2040bdb020b) Importer(815301076,1909f56bfc062723c751e8b465ee728b)
Start importing Assets/Park Assets/Prefab/Stone_Path_TPart.prefab using Guid(c5781e87846ceb645852c2040bdb020b) Importer(815301076,1909f56bfc062723c751e8b465ee728b)  -> (artifact id: 'd5c0df6c33b75afbba8f4d1fc19d37fa') in 0.013498 seconds 
========================================================================
Received Import Request.
  Time since last request: 0.000030 seconds.
  path: Assets/Park Assets/Prefab/Bush.prefab
  artifactKey: Guid(357b31d3b75bae24ba0434ac20bfa6d3) Importer(815301076,1909f56bfc062723c751e8b465ee728b)
Start importing Assets/Park Assets/Prefab/Bush.prefab using Guid(357b31d3b75bae24ba0434ac20bfa6d3) Importer(815301076,1909f56bfc062723c751e8b465ee728b)  -> (artifact id: '55fbd5a0b138e7dab5ecd94981300112') in 0.011368 seconds 
========================================================================
Received Import Request.
  Time since last request: 0.000039 seconds.
  path: Assets/Park Assets/Prefab/Flower_2.prefab
  artifactKey: Guid(28ad12c91132e2545a2852114dacba0d) Importer(815301076,1909f56bfc062723c751e8b465ee728b)
Start importing Assets/Park Assets/Prefab/Flower_2.prefab using Guid(28ad12c91132e2545a2852114dacba0d) Importer(815301076,1909f56bfc062723c751e8b465ee728b)  -> (artifact id: 'd27750721d1cc10fad033f4cc6343b3f') in 0.015552 seconds 
========================================================================
Received Import Request.
  Time since last request: 0.000022 seconds.
  path: Assets/Park Assets/Prefab/Stone_Path_EdgePiece.prefab
  artifactKey: Guid(c6e854f638107994fb7fcaf03c48c38e) Importer(815301076,1909f56bfc062723c751e8b465ee728b)
Start importing Assets/Park Assets/Prefab/Stone_Path_EdgePiece.prefab using Guid(c6e854f638107994fb7fcaf03c48c38e) Importer(815301076,1909f56bfc062723c751e8b465ee728b)  -> (artifact id: 'b404ad832001d1b464e5bc1e4b66da1b') in 0.014292 seconds 
========================================================================
Received Import Request.
  Time since last request: 0.000023 seconds.
  path: Assets/Park Assets/Prefab/Gazebo.prefab
  artifactKey: Guid(240f865433d03a8469d4f5a438765fd7) Importer(815301076,1909f56bfc062723c751e8b465ee728b)
Start importing Assets/Park Assets/Prefab/Gazebo.prefab using Guid(240f865433d03a8469d4f5a438765fd7) Importer(815301076,1909f56bfc062723c751e8b465ee728b)  -> (artifact id: '07497363a2b3fc041e0414f3dce5a98c') in 0.013216 seconds 
========================================================================
Received Import Request.
  Time since last request: 0.000023 seconds.
  path: Assets/Park Assets/Prefab/Cloud.prefab
  artifactKey: Guid(167eea3bc677b924a931082264cd3fbb) Importer(815301076,1909f56bfc062723c751e8b465ee728b)
Start importing Assets/Park Assets/Prefab/Cloud.prefab using Guid(167eea3bc677b924a931082264cd3fbb) Importer(815301076,1909f56bfc062723c751e8b465ee728b)  -> (artifact id: '448a7d26103949846a85c60c7d9a94ed') in 0.015854 seconds 
========================================================================
Received Import Request.
  Time since last request: 0.000023 seconds.
  path: Assets/Park Assets/Prefab/Stone_Path_Corner.prefab
  artifactKey: Guid(40fde63072590934b8ba90c1b2cab00a) Importer(815301076,1909f56bfc062723c751e8b465ee728b)
Start importing Assets/Park Assets/Prefab/Stone_Path_Corner.prefab using Guid(40fde63072590934b8ba90c1b2cab00a) Importer(815301076,1909f56bfc062723c751e8b465ee728b)  -> (artifact id: '537c83a34605d832b6a76d9037c0201b') in 0.012874 seconds 
========================================================================
Received Import Request.
  Time since last request: 0.000025 seconds.
  path: Assets/Park Assets/Prefab/Lantern.prefab
  artifactKey: Guid(f048ecd1c9e056542b4c3d5762043fe6) Importer(815301076,1909f56bfc062723c751e8b465ee728b)
Start importing Assets/Park Assets/Prefab/Lantern.prefab using Guid(f048ecd1c9e056542b4c3d5762043fe6) Importer(815301076,1909f56bfc062723c751e8b465ee728b)  -> (artifact id: '521bc23d2f6734c8e9541dbdd60fb463') in 0.011854 seconds 
========================================================================
Received Prepare
Registering precompiled user dll's ...
Registered in 0.011492 seconds.
Begin MonoManager ReloadAssembly
Native extension for WindowsStandalone target not found
Refreshing native plugins compatible for Editor in 0.84 ms, found 4 plugins.
Preloading 0 native plugins for Editor in 0.00 ms.
Mono: successfully reloaded assembly
- Completed reload, in  1.664 seconds
Domain Reload Profiling:
	ReloadAssembly (1665ms)
		BeginReloadAssembly (155ms)
			ExecutionOrderSort (0ms)
			DisableScriptedObjects (6ms)
			BackupInstance (0ms)
			ReleaseScriptingObjects (0ms)
			CreateAndSetChildDomain (40ms)
		EndReloadAssembly (1382ms)
			LoadAssemblies (96ms)
			RebuildTransferFunctionScriptingTraits (0ms)
			SetupTypeCache (286ms)
			ReleaseScriptCaches (2ms)
			RebuildScriptCaches (116ms)
			SetupLoadedEditorAssemblies (748ms)
				LogAssemblyErrors (0ms)
				InitializePlatformSupportModulesInManaged (27ms)
				SetLoadedEditorAssemblies (1ms)
				RefreshPlugins (1ms)
				BeforeProcessingInitializeOnLoad (105ms)
				ProcessInitializeOnLoadAttributes (536ms)
				ProcessInitializeOnLoadMethodAttributes (67ms)
				AfterProcessingInitializeOnLoad (10ms)
				EditorAssembliesLoaded (1ms)
			ExecutionOrderSort2 (0ms)
			AwakeInstancesAfterBackupRestoration (20ms)
Platform modules already initialized, skipping
Refreshing native plugins compatible for Editor in 15.58 ms, found 4 plugins.
Preloading 0 native plugins for Editor in 0.00 ms.
Unloading 1810 Unused Serialized files (Serialized files now loaded: 0)
Unloading 72 unused Assets / (32.8 KB). Loaded Objects now: 2294.
Memory consumption went from 93.8 MB to 93.7 MB.
Total: 4.574900 ms (FindLiveObjects: 0.229500 ms CreateObjectMapping: 0.091200 ms MarkObjects: 4.204400 ms  DeleteObjects: 0.048500 ms)

AssetImportParameters requested are different than current active one (requested -> active):
  custom:video-decoder-ogg-theora: a1e56fd34408186e4bbccfd4996cb3dc -> 
  custom:container-muxer-webm: aa71ff27fc2769a1b78a27578f13a17b -> 
  custom:container-demuxer-webm: 4f35f7cbe854078d1ac9338744f61a02 -> 
  custom:video-encoder-webm-vp8: eb34c28f22e8b96e1ab97ce403110664 -> 
  custom:audio-encoder-webm-vorbis: bf7c407c2cedff20999df2af8eb42d56 -> 
  custom:framework-win-MediaFoundation: 216162199b28c13a410421893ffa2e32 -> 
  custom:container-demuxer-ogg: 62fdf1f143b41e24485cea50d1cbac27 -> 
  custom:video-decoder-webm-vp8: 9c59270c3fd7afecdb556c50c9e8de78 -> 
  custom:audio-decoder-ogg-vorbis: bf7c407c2cedff20999df2af8eb42d56 -> 
========================================================================
Received Prepare
Registering precompiled user dll's ...
Registered in 0.007650 seconds.
Begin MonoManager ReloadAssembly
Native extension for WindowsStandalone target not found
Refreshing native plugins compatible for Editor in 1.06 ms, found 4 plugins.
Preloading 0 native plugins for Editor in 0.00 ms.
Mono: successfully reloaded assembly
- Completed reload, in  1.349 seconds
Domain Reload Profiling:
	ReloadAssembly (1350ms)
		BeginReloadAssembly (147ms)
			ExecutionOrderSort (0ms)
			DisableScriptedObjects (7ms)
			BackupInstance (0ms)
			ReleaseScriptingObjects (0ms)
			CreateAndSetChildDomain (35ms)
		EndReloadAssembly (1078ms)
			LoadAssemblies (94ms)
			RebuildTransferFunctionScriptingTraits (0ms)
			SetupTypeCache (255ms)
			ReleaseScriptCaches (2ms)
			RebuildScriptCaches (74ms)
			SetupLoadedEditorAssemblies (563ms)
				LogAssemblyErrors (0ms)
				InitializePlatformSupportModulesInManaged (22ms)
				SetLoadedEditorAssemblies (1ms)
				RefreshPlugins (1ms)
				BeforeProcessingInitializeOnLoad (82ms)
				ProcessInitializeOnLoadAttributes (401ms)
				ProcessInitializeOnLoadMethodAttributes (50ms)
				AfterProcessingInitializeOnLoad (5ms)
				EditorAssembliesLoaded (0ms)
			ExecutionOrderSort2 (0ms)
			AwakeInstancesAfterBackupRestoration (13ms)
Platform modules already initialized, skipping
Refreshing native plugins compatible for Editor in 15.91 ms, found 4 plugins.
Preloading 0 native plugins for Editor in 0.00 ms.
Unloading 1810 Unused Serialized files (Serialized files now loaded: 0)
Unloading 72 unused Assets / (32.8 KB). Loaded Objects now: 2297.
Memory consumption went from 93.8 MB to 93.8 MB.
Total: 4.856500 ms (FindLiveObjects: 0.183500 ms CreateObjectMapping: 0.054400 ms MarkObjects: 4.562000 ms  DeleteObjects: 0.054900 ms)

AssetImportParameters requested are different than current active one (requested -> active):
  custom:video-decoder-ogg-theora: a1e56fd34408186e4bbccfd4996cb3dc -> 
  custom:container-muxer-webm: aa71ff27fc2769a1b78a27578f13a17b -> 
  custom:container-demuxer-webm: 4f35f7cbe854078d1ac9338744f61a02 -> 
  custom:video-encoder-webm-vp8: eb34c28f22e8b96e1ab97ce403110664 -> 
  custom:audio-encoder-webm-vorbis: bf7c407c2cedff20999df2af8eb42d56 -> 
  custom:framework-win-MediaFoundation: 216162199b28c13a410421893ffa2e32 -> 
  custom:container-demuxer-ogg: 62fdf1f143b41e24485cea50d1cbac27 -> 
  custom:video-decoder-webm-vp8: 9c59270c3fd7afecdb556c50c9e8de78 -> 
  custom:audio-decoder-ogg-vorbis: bf7c407c2cedff20999df2af8eb42d56 -> 
========================================================================
Received Prepare
Registering precompiled user dll's ...
Registered in 0.008354 seconds.
Begin MonoManager ReloadAssembly
Native extension for WindowsStandalone target not found
Refreshing native plugins compatible for Editor in 1.16 ms, found 4 plugins.
Preloading 0 native plugins for Editor in 0.00 ms.
Mono: successfully reloaded assembly
- Completed reload, in  1.395 seconds
Domain Reload Profiling:
	ReloadAssembly (1396ms)
		BeginReloadAssembly (148ms)
			ExecutionOrderSort (0ms)
			DisableScriptedObjects (8ms)
			BackupInstance (0ms)
			ReleaseScriptingObjects (0ms)
			CreateAndSetChildDomain (36ms)
		EndReloadAssembly (1115ms)
			LoadAssemblies (92ms)
			RebuildTransferFunctionScriptingTraits (0ms)
			SetupTypeCache (310ms)
			ReleaseScriptCaches (1ms)
			RebuildScriptCaches (97ms)
			SetupLoadedEditorAssemblies (523ms)
				LogAssemblyErrors (0ms)
				InitializePlatformSupportModulesInManaged (21ms)
				SetLoadedEditorAssemblies (1ms)
				RefreshPlugins (1ms)
				BeforeProcessingInitializeOnLoad (78ms)
				ProcessInitializeOnLoadAttributes (373ms)
				ProcessInitializeOnLoadMethodAttributes (45ms)
				AfterProcessingInitializeOnLoad (5ms)
				EditorAssembliesLoaded (0ms)
			ExecutionOrderSort2 (0ms)
			AwakeInstancesAfterBackupRestoration (13ms)
Platform modules already initialized, skipping
Refreshing native plugins compatible for Editor in 12.00 ms, found 4 plugins.
Preloading 0 native plugins for Editor in 0.00 ms.
Unloading 1810 Unused Serialized files (Serialized files now loaded: 0)
Unloading 72 unused Assets / (32.8 KB). Loaded Objects now: 2300.
Memory consumption went from 93.8 MB to 93.8 MB.
Total: 4.095100 ms (FindLiveObjects: 0.167600 ms CreateObjectMapping: 0.058500 ms MarkObjects: 3.828000 ms  DeleteObjects: 0.039800 ms)

AssetImportParameters requested are different than current active one (requested -> active):
  custom:video-decoder-ogg-theora: a1e56fd34408186e4bbccfd4996cb3dc -> 
  custom:container-muxer-webm: aa71ff27fc2769a1b78a27578f13a17b -> 
  custom:container-demuxer-webm: 4f35f7cbe854078d1ac9338744f61a02 -> 
  custom:video-encoder-webm-vp8: eb34c28f22e8b96e1ab97ce403110664 -> 
  custom:audio-encoder-webm-vorbis: bf7c407c2cedff20999df2af8eb42d56 -> 
  custom:framework-win-MediaFoundation: 216162199b28c13a410421893ffa2e32 -> 
  custom:container-demuxer-ogg: 62fdf1f143b41e24485cea50d1cbac27 -> 
  custom:video-decoder-webm-vp8: 9c59270c3fd7afecdb556c50c9e8de78 -> 
  custom:audio-decoder-ogg-vorbis: bf7c407c2cedff20999df2af8eb42d56 -> 
========================================================================
Received Import Request.
  Time since last request: 446.199484 seconds.
  path: Assets/Park Assets/Prefab/Bench.prefab
  artifactKey: Guid(ed1dfd226a8bf2f418f812b254707036) Importer(815301076,1909f56bfc062723c751e8b465ee728b)
Start importing Assets/Park Assets/Prefab/Bench.prefab using Guid(ed1dfd226a8bf2f418f812b254707036) Importer(815301076,1909f56bfc062723c751e8b465ee728b)  -> (artifact id: '9274c64f3b5f16cbff820ac37ac9a6fa') in 0.095745 seconds 
========================================================================
Received Import Request.
  Time since last request: 0.000017 seconds.
  path: Assets/Park Assets/Prefab/Flower_1.prefab
  artifactKey: Guid(8d371c1d43d56e94b93bffa2f926a5f1) Importer(815301076,1909f56bfc062723c751e8b465ee728b)
Start importing Assets/Park Assets/Prefab/Flower_1.prefab using Guid(8d371c1d43d56e94b93bffa2f926a5f1) Importer(815301076,1909f56bfc062723c751e8b465ee728b)  -> (artifact id: '66a23297858bba85680768a78608226e') in 0.012799 seconds 
========================================================================
Received Import Request.
  Time since last request: 0.000023 seconds.
  path: Assets/Park Assets/Prefab/Stone1.prefab
  artifactKey: Guid(fd7967a473bbbca4a83cf83b44fb7bb6) Importer(815301076,1909f56bfc062723c751e8b465ee728b)
Start importing Assets/Park Assets/Prefab/Stone1.prefab using Guid(fd7967a473bbbca4a83cf83b44fb7bb6) Importer(815301076,1909f56bfc062723c751e8b465ee728b)  -> (artifact id: '0e1e5488aeecd026759db48a6fe5db6b') in 0.010979 seconds 
========================================================================
Received Import Request.
  Time since last request: 0.000036 seconds.
  path: Assets/Park Assets/Prefab/Stone_Path_Bank.prefab
  artifactKey: Guid(092aabb8628e09e46ab22ed75bd34723) Importer(815301076,1909f56bfc062723c751e8b465ee728b)
Start importing Assets/Park Assets/Prefab/Stone_Path_Bank.prefab using Guid(092aabb8628e09e46ab22ed75bd34723) Importer(815301076,1909f56bfc062723c751e8b465ee728b)  -> (artifact id: '12007057866fb95c2ded61d81dd9bcd1') in 0.010104 seconds 
========================================================================
Received Import Request.
  Time since last request: 0.000026 seconds.
  path: Assets/Park Assets/Prefab/Hill_01.prefab
  artifactKey: Guid(620dfba8ed3cda6499892978b040ee38) Importer(815301076,1909f56bfc062723c751e8b465ee728b)
Start importing Assets/Park Assets/Prefab/Hill_01.prefab using Guid(620dfba8ed3cda6499892978b040ee38) Importer(815301076,1909f56bfc062723c751e8b465ee728b)  -> (artifact id: 'e99447c9adb38830ed6d493573a92dae') in 0.009758 seconds 
========================================================================
Received Import Request.
  Time since last request: 0.000024 seconds.
  path: Assets/Park Assets/Prefab/Grass_01.prefab
  artifactKey: Guid(b5ce2da01dc06ad42b537d328b606c13) Importer(815301076,1909f56bfc062723c751e8b465ee728b)
Start importing Assets/Park Assets/Prefab/Grass_01.prefab using Guid(b5ce2da01dc06ad42b537d328b606c13) Importer(815301076,1909f56bfc062723c751e8b465ee728b)  -> (artifact id: '59b866736afe887d9c2807f3e7a08f48') in 0.009900 seconds 
========================================================================
Received Import Request.
  Time since last request: 0.000021 seconds.
  path: Assets/Park Assets/Prefab/Flower Box.prefab
  artifactKey: Guid(6e6cad4759f15bd48b12cedb96e4c40e) Importer(815301076,1909f56bfc062723c751e8b465ee728b)
Start importing Assets/Park Assets/Prefab/Flower Box.prefab using Guid(6e6cad4759f15bd48b12cedb96e4c40e) Importer(815301076,1909f56bfc062723c751e8b465ee728b)  -> (artifact id: '058ad4bf1c35249e769e0747efec6fef') in 0.010358 seconds 
========================================================================
Received Import Request.
  Time since last request: 0.000024 seconds.
  path: Assets/Park Assets/Prefab/Tree1.prefab
  artifactKey: Guid(d0540a66e665f984eab241d84c8a9963) Importer(815301076,1909f56bfc062723c751e8b465ee728b)
Start importing Assets/Park Assets/Prefab/Tree1.prefab using Guid(d0540a66e665f984eab241d84c8a9963) Importer(815301076,1909f56bfc062723c751e8b465ee728b)  -> (artifact id: '8da45a5722f930d214951aa7d9bfb860') in 0.010588 seconds 
========================================================================
Received Import Request.
  Time since last request: 0.000027 seconds.
  path: Assets/Park Assets/Prefab/Tree2.prefab
  artifactKey: Guid(cf28a4dd9a1a5b948a40dd44a4392f11) Importer(815301076,1909f56bfc062723c751e8b465ee728b)
Start importing Assets/Park Assets/Prefab/Tree2.prefab using Guid(cf28a4dd9a1a5b948a40dd44a4392f11) Importer(815301076,1909f56bfc062723c751e8b465ee728b)  -> (artifact id: '0f29c4846e57a6793cea156420117b88') in 0.011053 seconds 
========================================================================
Received Import Request.
  Time since last request: 0.000034 seconds.
  path: Assets/Park Assets/Prefab/Stone2.prefab
  artifactKey: Guid(79545157ec163ca42a69410e962f7c1b) Importer(815301076,1909f56bfc062723c751e8b465ee728b)
Start importing Assets/Park Assets/Prefab/Stone2.prefab using Guid(79545157ec163ca42a69410e962f7c1b) Importer(815301076,1909f56bfc062723c751e8b465ee728b)  -> (artifact id: 'a3b6ba3a3311761690286fc4e7ce4806') in 0.011672 seconds 
========================================================================
Received Import Request.
  Time since last request: 0.000021 seconds.
  path: Assets/Park Assets/Prefab/Stone_Path_Straight.prefab
  artifactKey: Guid(2294ac72b60f4da46974d1f746b56439) Importer(815301076,1909f56bfc062723c751e8b465ee728b)
Start importing Assets/Park Assets/Prefab/Stone_Path_Straight.prefab using Guid(2294ac72b60f4da46974d1f746b56439) Importer(815301076,1909f56bfc062723c751e8b465ee728b)  -> (artifact id: 'a8ac571f289974cecc58e48f73687530') in 0.013867 seconds 
========================================================================
Received Import Request.
  Time since last request: 0.000021 seconds.
  path: Assets/Park Assets/Prefab/Stone_Path_TPart.prefab
  artifactKey: Guid(c5781e87846ceb645852c2040bdb020b) Importer(815301076,1909f56bfc062723c751e8b465ee728b)
Start importing Assets/Park Assets/Prefab/Stone_Path_TPart.prefab using Guid(c5781e87846ceb645852c2040bdb020b) Importer(815301076,1909f56bfc062723c751e8b465ee728b)  -> (artifact id: '5987ea061c3613be126cfbd4b0748d06') in 0.010295 seconds 
========================================================================
Received Import Request.
  Time since last request: 0.000023 seconds.
  path: Assets/Park Assets/Prefab/Bush.prefab
  artifactKey: Guid(357b31d3b75bae24ba0434ac20bfa6d3) Importer(815301076,1909f56bfc062723c751e8b465ee728b)
Start importing Assets/Park Assets/Prefab/Bush.prefab using Guid(357b31d3b75bae24ba0434ac20bfa6d3) Importer(815301076,1909f56bfc062723c751e8b465ee728b)  -> (artifact id: 'cc9491f48423e2d3b53d552d22f87218') in 0.011343 seconds 
========================================================================
Received Import Request.
  Time since last request: 0.000024 seconds.
  path: Assets/Park Assets/Prefab/Gazebo.prefab
  artifactKey: Guid(240f865433d03a8469d4f5a438765fd7) Importer(815301076,1909f56bfc062723c751e8b465ee728b)
Start importing Assets/Park Assets/Prefab/Gazebo.prefab using Guid(240f865433d03a8469d4f5a438765fd7) Importer(815301076,1909f56bfc062723c751e8b465ee728b)  -> (artifact id: 'fe512141ff17ef42ddc9d721a4518f98') in 0.010288 seconds 
========================================================================
Received Import Request.
  Time since last request: 0.000022 seconds.
  path: Assets/Park Assets/Prefab/Stone_Path_EdgePiece.prefab
  artifactKey: Guid(c6e854f638107994fb7fcaf03c48c38e) Importer(815301076,1909f56bfc062723c751e8b465ee728b)
Start importing Assets/Park Assets/Prefab/Stone_Path_EdgePiece.prefab using Guid(c6e854f638107994fb7fcaf03c48c38e) Importer(815301076,1909f56bfc062723c751e8b465ee728b)  -> (artifact id: '471f819b9d211bb234728bfc60348847') in 0.010343 seconds 
========================================================================
Received Import Request.
  Time since last request: 0.000025 seconds.
  path: Assets/Park Assets/Prefab/Stone_Path_Corner.prefab
  artifactKey: Guid(40fde63072590934b8ba90c1b2cab00a) Importer(815301076,1909f56bfc062723c751e8b465ee728b)
Start importing Assets/Park Assets/Prefab/Stone_Path_Corner.prefab using Guid(40fde63072590934b8ba90c1b2cab00a) Importer(815301076,1909f56bfc062723c751e8b465ee728b)  -> (artifact id: 'bf6f64da4f079214aa8f8c8e59a346f6') in 0.010468 seconds 
========================================================================
Received Import Request.
  Time since last request: 0.000020 seconds.
  path: Assets/Park Assets/Prefab/Lantern.prefab
  artifactKey: Guid(f048ecd1c9e056542b4c3d5762043fe6) Importer(815301076,1909f56bfc062723c751e8b465ee728b)
Start importing Assets/Park Assets/Prefab/Lantern.prefab using Guid(f048ecd1c9e056542b4c3d5762043fe6) Importer(815301076,1909f56bfc062723c751e8b465ee728b)  -> (artifact id: 'a350effca8cedbc181a5ff93cd561931') in 0.011319 seconds 
========================================================================
Received Import Request.
  Time since last request: 541.224994 seconds.
  path: Assets/Park Assets/Materials/Low_Poly_Mat.mat
  artifactKey: Guid(97624b71c12bc624ba1e7148e6470055) Importer(815301076,1909f56bfc062723c751e8b465ee728b)
Start importing Assets/Park Assets/Materials/Low_Poly_Mat.mat using Guid(97624b71c12bc624ba1e7148e6470055) Importer(815301076,1909f56bfc062723c751e8b465ee728b)  -> (artifact id: '16fb0698b22cb05864c7fcbd07111f75') in 0.037990 seconds 
========================================================================
Received Prepare
Registering precompiled user dll's ...
Registered in 0.008523 seconds.
Begin MonoManager ReloadAssembly
Native extension for WindowsStandalone target not found
Refreshing native plugins compatible for Editor in 1.08 ms, found 4 plugins.
Preloading 0 native plugins for Editor in 0.00 ms.
Mono: successfully reloaded assembly
- Completed reload, in  1.719 seconds
Domain Reload Profiling:
	ReloadAssembly (1720ms)
		BeginReloadAssembly (185ms)
			ExecutionOrderSort (0ms)
			DisableScriptedObjects (8ms)
			BackupInstance (0ms)
			ReleaseScriptingObjects (0ms)
			CreateAndSetChildDomain (37ms)
		EndReloadAssembly (1326ms)
			LoadAssemblies (162ms)
			RebuildTransferFunctionScriptingTraits (0ms)
			SetupTypeCache (506ms)
			ReleaseScriptCaches (1ms)
			RebuildScriptCaches (82ms)
			SetupLoadedEditorAssemblies (504ms)
				LogAssemblyErrors (0ms)
				InitializePlatformSupportModulesInManaged (21ms)
				SetLoadedEditorAssemblies (1ms)
				RefreshPlugins (1ms)
				BeforeProcessingInitializeOnLoad (76ms)
				ProcessInitializeOnLoadAttributes (354ms)
				ProcessInitializeOnLoadMethodAttributes (45ms)
				AfterProcessingInitializeOnLoad (5ms)
				EditorAssembliesLoaded (0ms)
			ExecutionOrderSort2 (0ms)
			AwakeInstancesAfterBackupRestoration (12ms)
Platform modules already initialized, skipping
Refreshing native plugins compatible for Editor in 9.17 ms, found 4 plugins.
Preloading 0 native plugins for Editor in 0.00 ms.
Unloading 1810 Unused Serialized files (Serialized files now loaded: 0)
Unloading 72 unused Assets / (32.8 KB). Loaded Objects now: 2303.
Memory consumption went from 93.8 MB to 93.8 MB.
Total: 2.959900 ms (FindLiveObjects: 0.151700 ms CreateObjectMapping: 0.039500 ms MarkObjects: 2.726400 ms  DeleteObjects: 0.041400 ms)

AssetImportParameters requested are different than current active one (requested -> active):
  custom:video-decoder-ogg-theora: a1e56fd34408186e4bbccfd4996cb3dc -> 
  custom:container-muxer-webm: aa71ff27fc2769a1b78a27578f13a17b -> 
  custom:container-demuxer-webm: 4f35f7cbe854078d1ac9338744f61a02 -> 
  custom:video-encoder-webm-vp8: eb34c28f22e8b96e1ab97ce403110664 -> 
  custom:audio-encoder-webm-vorbis: bf7c407c2cedff20999df2af8eb42d56 -> 
  custom:framework-win-MediaFoundation: 216162199b28c13a410421893ffa2e32 -> 
  custom:container-demuxer-ogg: 62fdf1f143b41e24485cea50d1cbac27 -> 
  custom:video-decoder-webm-vp8: 9c59270c3fd7afecdb556c50c9e8de78 -> 
  custom:audio-decoder-ogg-vorbis: bf7c407c2cedff20999df2af8eb42d56 -> 
========================================================================
Received Prepare
Registering precompiled user dll's ...
Registered in 0.006813 seconds.
Begin MonoManager ReloadAssembly
Native extension for WindowsStandalone target not found
Refreshing native plugins compatible for Editor in 0.91 ms, found 4 plugins.
Preloading 0 native plugins for Editor in 0.00 ms.
Mono: successfully reloaded assembly
- Completed reload, in  1.260 seconds
Domain Reload Profiling:
	ReloadAssembly (1262ms)
		BeginReloadAssembly (152ms)
			ExecutionOrderSort (0ms)
			DisableScriptedObjects (8ms)
			BackupInstance (0ms)
			ReleaseScriptingObjects (0ms)
			CreateAndSetChildDomain (34ms)
		EndReloadAssembly (991ms)
			LoadAssemblies (95ms)
			RebuildTransferFunctionScriptingTraits (0ms)
			SetupTypeCache (223ms)
			ReleaseScriptCaches (1ms)
			RebuildScriptCaches (62ms)
			SetupLoadedEditorAssemblies (548ms)
				LogAssemblyErrors (0ms)
				InitializePlatformSupportModulesInManaged (17ms)
				SetLoadedEditorAssemblies (1ms)
				RefreshPlugins (1ms)
				BeforeProcessingInitializeOnLoad (62ms)
				ProcessInitializeOnLoadAttributes (390ms)
				ProcessInitializeOnLoadMethodAttributes (71ms)
				AfterProcessingInitializeOnLoad (7ms)
				EditorAssembliesLoaded (1ms)
			ExecutionOrderSort2 (0ms)
			AwakeInstancesAfterBackupRestoration (17ms)
Platform modules already initialized, skipping
Refreshing native plugins compatible for Editor in 12.00 ms, found 4 plugins.
Preloading 0 native plugins for Editor in 0.00 ms.
Unloading 1810 Unused Serialized files (Serialized files now loaded: 0)
Unloading 72 unused Assets / (32.8 KB). Loaded Objects now: 2306.
Memory consumption went from 93.8 MB to 93.8 MB.
Total: 4.019400 ms (FindLiveObjects: 0.176100 ms CreateObjectMapping: 0.061300 ms MarkObjects: 3.740100 ms  DeleteObjects: 0.040700 ms)

AssetImportParameters requested are different than current active one (requested -> active):
  custom:video-decoder-ogg-theora: a1e56fd34408186e4bbccfd4996cb3dc -> 
  custom:container-muxer-webm: aa71ff27fc2769a1b78a27578f13a17b -> 
  custom:container-demuxer-webm: 4f35f7cbe854078d1ac9338744f61a02 -> 
  custom:video-encoder-webm-vp8: eb34c28f22e8b96e1ab97ce403110664 -> 
  custom:audio-encoder-webm-vorbis: bf7c407c2cedff20999df2af8eb42d56 -> 
  custom:framework-win-MediaFoundation: 216162199b28c13a410421893ffa2e32 -> 
  custom:container-demuxer-ogg: 62fdf1f143b41e24485cea50d1cbac27 -> 
  custom:video-decoder-webm-vp8: 9c59270c3fd7afecdb556c50c9e8de78 -> 
  custom:audio-decoder-ogg-vorbis: bf7c407c2cedff20999df2af8eb42d56 -> 
========================================================================
Received Import Request.
  Time since last request: 370.770254 seconds.
  path: Assets/Park Assets/Texture/LowPolyTexture.jpg
  artifactKey: Guid(d120a2738a688de4b8c30e1d6110a546) Importer(815301076,1909f56bfc062723c751e8b465ee728b)
Start importing Assets/Park Assets/Texture/LowPolyTexture.jpg using Guid(d120a2738a688de4b8c30e1d6110a546) Importer(815301076,1909f56bfc062723c751e8b465ee728b)  -> (artifact id: '61b54a6c7f9b9bf127c31168c11381ab') in 0.116094 seconds 
========================================================================
Received Import Request.
  Time since last request: 0.000028 seconds.
  path: Assets/Park Assets/Texture/LowPolyTexture_Variant1.png
  artifactKey: Guid(af10747e176c4b74b9c769437a620021) Importer(815301076,1909f56bfc062723c751e8b465ee728b)
Start importing Assets/Park Assets/Texture/LowPolyTexture_Variant1.png using Guid(af10747e176c4b74b9c769437a620021) Importer(815301076,1909f56bfc062723c751e8b465ee728b)  -> (artifact id: '27365af6637bf1b5ee1ddba419c325f5') in 0.011483 seconds 
========================================================================
Received Import Request.
  Time since last request: 10.721874 seconds.
  path: Assets/Snowconesolid Assets/Super Rubber Duck Pack/Rubber Duck PREFABS (Mobile)
  artifactKey: Guid(ba3095b40ab5ecf4aac66bef0cae074e) Importer(815301076,1909f56bfc062723c751e8b465ee728b)
Start importing Assets/Snowconesolid Assets/Super Rubber Duck Pack/Rubber Duck PREFABS (Mobile) using Guid(ba3095b40ab5ecf4aac66bef0cae074e) Importer(815301076,1909f56bfc062723c751e8b465ee728b)  -> (artifact id: '56f728f41a3f2276ffeb205f86916c62') in 0.002039 seconds 
========================================================================
Received Import Request.
  Time since last request: 0.140529 seconds.
  path: Assets/Snowconesolid Assets/Super Rubber Duck Pack/Rubber Duck PREFABS (Mobile)/RubberDuck_Black_MOBILE.prefab
  artifactKey: Guid(efd1bfaf561eb024eb04cca4386b28b7) Importer(815301076,1909f56bfc062723c751e8b465ee728b)
Start importing Assets/Snowconesolid Assets/Super Rubber Duck Pack/Rubber Duck PREFABS (Mobile)/RubberDuck_Black_MOBILE.prefab using Guid(efd1bfaf561eb024eb04cca4386b28b7) Importer(815301076,1909f56bfc062723c751e8b465ee728b)  -> (artifact id: '610d18ae072c49777d18a8a541356d35') in 0.062276 seconds 
========================================================================
Received Import Request.
  Time since last request: 0.000033 seconds.
  path: Assets/Snowconesolid Assets/Super Rubber Duck Pack/Rubber Duck PREFABS (Mobile)/RubberDuck_Blue_MOBILE.prefab
  artifactKey: Guid(71b2179b5040ad2439fcba8a7b2dd27a) Importer(815301076,1909f56bfc062723c751e8b465ee728b)
Start importing Assets/Snowconesolid Assets/Super Rubber Duck Pack/Rubber Duck PREFABS (Mobile)/RubberDuck_Blue_MOBILE.prefab using Guid(71b2179b5040ad2439fcba8a7b2dd27a) Importer(815301076,1909f56bfc062723c751e8b465ee728b)  -> (artifact id: '103655841b91606a7d61017e0294f90d') in 0.016213 seconds 
========================================================================
Received Import Request.
  Time since last request: 0.000044 seconds.
  path: Assets/Snowconesolid Assets/Super Rubber Duck Pack/Rubber Duck PREFABS (Mobile)/RubberDuck_Pink_MOBILE.prefab
  artifactKey: Guid(0d51fb211657b414cb9868b33bf22151) Importer(815301076,1909f56bfc062723c751e8b465ee728b)
Start importing Assets/Snowconesolid Assets/Super Rubber Duck Pack/Rubber Duck PREFABS (Mobile)/RubberDuck_Pink_MOBILE.prefab using Guid(0d51fb211657b414cb9868b33bf22151) Importer(815301076,1909f56bfc062723c751e8b465ee728b)  -> (artifact id: 'a81f6319e395dd2bf4a8f66eff413470') in 0.016853 seconds 
========================================================================
Received Import Request.
  Time since last request: 0.000085 seconds.
  path: Assets/Snowconesolid Assets/Super Rubber Duck Pack/Rubber Duck PREFABS (Mobile)/RubberDuck_RedEye_MOBILE.prefab
  artifactKey: Guid(293662736e1d41449aef503fbae1ca20) Importer(815301076,1909f56bfc062723c751e8b465ee728b)
Start importing Assets/Snowconesolid Assets/Super Rubber Duck Pack/Rubber Duck PREFABS (Mobile)/RubberDuck_RedEye_MOBILE.prefab using Guid(293662736e1d41449aef503fbae1ca20) Importer(815301076,1909f56bfc062723c751e8b465ee728b)  -> (artifact id: '73c4ad01900ab12cfd707a54f435647e') in 0.012830 seconds 
========================================================================
Received Import Request.
  Time since last request: 0.000040 seconds.
  path: Assets/Snowconesolid Assets/Super Rubber Duck Pack/Rubber Duck PREFABS (Mobile)/RubberDuck_White_MOBILE.prefab
  artifactKey: Guid(bfdf3dabf454006488fdee32f58e8f95) Importer(815301076,1909f56bfc062723c751e8b465ee728b)
Start importing Assets/Snowconesolid Assets/Super Rubber Duck Pack/Rubber Duck PREFABS (Mobile)/RubberDuck_White_MOBILE.prefab using Guid(bfdf3dabf454006488fdee32f58e8f95) Importer(815301076,1909f56bfc062723c751e8b465ee728b)  -> (artifact id: '265f24e236ef9e98eee496f8c376adff') in 0.012574 seconds 
========================================================================
Received Import Request.
  Time since last request: 0.000064 seconds.
  path: Assets/Snowconesolid Assets/Super Rubber Duck Pack/Rubber Duck PREFABS (Mobile)/RubberDuck_Cyan_MOBILE.prefab
  artifactKey: Guid(8a3f57f8701cde74c8798e1be0c8b54c) Importer(815301076,1909f56bfc062723c751e8b465ee728b)
Start importing Assets/Snowconesolid Assets/Super Rubber Duck Pack/Rubber Duck PREFABS (Mobile)/RubberDuck_Cyan_MOBILE.prefab using Guid(8a3f57f8701cde74c8798e1be0c8b54c) Importer(815301076,1909f56bfc062723c751e8b465ee728b)  -> (artifact id: '8ef2b3d510e0cc4c0d471a5bcc73dc4e') in 0.013713 seconds 
========================================================================
Received Import Request.
  Time since last request: 0.000037 seconds.
  path: Assets/Snowconesolid Assets/Super Rubber Duck Pack/Rubber Duck PREFABS (Mobile)/RubberDuck_Orange_MOBILE.prefab
  artifactKey: Guid(fd01235e5651fc54ab21e63a20bc762e) Importer(815301076,1909f56bfc062723c751e8b465ee728b)
Start importing Assets/Snowconesolid Assets/Super Rubber Duck Pack/Rubber Duck PREFABS (Mobile)/RubberDuck_Orange_MOBILE.prefab using Guid(fd01235e5651fc54ab21e63a20bc762e) Importer(815301076,1909f56bfc062723c751e8b465ee728b)  -> (artifact id: 'fb5429cb7cb71f5f45ed8fd055209663') in 0.012843 seconds 
========================================================================
Received Import Request.
  Time since last request: 0.000032 seconds.
  path: Assets/Snowconesolid Assets/Super Rubber Duck Pack/Rubber Duck PREFABS (Mobile)/RubberDuck_Pond_MOBILE.prefab
  artifactKey: Guid(9b1a8336b6b50524ca12bbc9a033a9db) Importer(815301076,1909f56bfc062723c751e8b465ee728b)
Start importing Assets/Snowconesolid Assets/Super Rubber Duck Pack/Rubber Duck PREFABS (Mobile)/RubberDuck_Pond_MOBILE.prefab using Guid(9b1a8336b6b50524ca12bbc9a033a9db) Importer(815301076,1909f56bfc062723c751e8b465ee728b)  -> (artifact id: 'd32607fe3c7084faff4675907603090f') in 0.011154 seconds 
========================================================================
Received Import Request.
  Time since last request: 0.000039 seconds.
  path: Assets/Snowconesolid Assets/Super Rubber Duck Pack/Rubber Duck PREFABS (Mobile)/RubberDuck_Purple_MOBILE.prefab
  artifactKey: Guid(10f15a2a50ae19a488f263aa94b69c17) Importer(815301076,1909f56bfc062723c751e8b465ee728b)
Start importing Assets/Snowconesolid Assets/Super Rubber Duck Pack/Rubber Duck PREFABS (Mobile)/RubberDuck_Purple_MOBILE.prefab using Guid(10f15a2a50ae19a488f263aa94b69c17) Importer(815301076,1909f56bfc062723c751e8b465ee728b)  -> (artifact id: '35ee371062dc8e979640e8300b605a62') in 0.011303 seconds 
========================================================================
Received Import Request.
  Time since last request: 0.000052 seconds.
  path: Assets/Snowconesolid Assets/Super Rubber Duck Pack/Rubber Duck PREFABS (Mobile)/RubberDuck_Red_MOBILE.prefab
  artifactKey: Guid(80e076b1af0088b4e83341bae6df0cb5) Importer(815301076,1909f56bfc062723c751e8b465ee728b)
Start importing Assets/Snowconesolid Assets/Super Rubber Duck Pack/Rubber Duck PREFABS (Mobile)/RubberDuck_Red_MOBILE.prefab using Guid(80e076b1af0088b4e83341bae6df0cb5) Importer(815301076,1909f56bfc062723c751e8b465ee728b)  -> (artifact id: 'df3a552980c7abf9d49e27775d1a04d4') in 0.012730 seconds 
========================================================================
Received Import Request.
  Time since last request: 0.000036 seconds.
  path: Assets/Snowconesolid Assets/Super Rubber Duck Pack/Rubber Duck PREFABS (Mobile)/RubberDuck_GreenNeon_MOBILE.prefab
  artifactKey: Guid(da7d22f70c1f8c04187eacb467315d9d) Importer(815301076,1909f56bfc062723c751e8b465ee728b)
Start importing Assets/Snowconesolid Assets/Super Rubber Duck Pack/Rubber Duck PREFABS (Mobile)/RubberDuck_GreenNeon_MOBILE.prefab using Guid(da7d22f70c1f8c04187eacb467315d9d) Importer(815301076,1909f56bfc062723c751e8b465ee728b)  -> (artifact id: '5f8f83037aad70c4269c473580dae0dd') in 0.013660 seconds 
========================================================================
Received Import Request.
  Time since last request: 0.000033 seconds.
  path: Assets/Snowconesolid Assets/Super Rubber Duck Pack/Rubber Duck PREFABS (Mobile)/RubberDuck_LightPurple_MOBILE.prefab
  artifactKey: Guid(9ce315f61f09cd24c8f9835c3ef8fc18) Importer(815301076,1909f56bfc062723c751e8b465ee728b)
Start importing Assets/Snowconesolid Assets/Super Rubber Duck Pack/Rubber Duck PREFABS (Mobile)/RubberDuck_LightPurple_MOBILE.prefab using Guid(9ce315f61f09cd24c8f9835c3ef8fc18) Importer(815301076,1909f56bfc062723c751e8b465ee728b)  -> (artifact id: '0ef0f1932a23b0b50d9aa835b599d4e6') in 0.012578 seconds 
========================================================================
Received Import Request.
  Time since last request: 0.000031 seconds.
  path: Assets/Snowconesolid Assets/Super Rubber Duck Pack/Rubber Duck PREFABS (Mobile)/RubberDuck_Yellow_MOBILE.prefab
  artifactKey: Guid(325beb5088b92ec4786c0a2e5965c008) Importer(815301076,1909f56bfc062723c751e8b465ee728b)
Start importing Assets/Snowconesolid Assets/Super Rubber Duck Pack/Rubber Duck PREFABS (Mobile)/RubberDuck_Yellow_MOBILE.prefab using Guid(325beb5088b92ec4786c0a2e5965c008) Importer(815301076,1909f56bfc062723c751e8b465ee728b)  -> (artifact id: 'b8f7b7a42f6acbcd7c91534ee1f9c235') in 0.012077 seconds 
========================================================================
Received Import Request.
  Time since last request: 0.000035 seconds.
  path: Assets/Snowconesolid Assets/Super Rubber Duck Pack/Rubber Duck PREFABS (Mobile)/RubberDuck_YinYang_MOBILE.prefab
  artifactKey: Guid(cb8562b96af327b4a9399b3e3cdc545b) Importer(815301076,1909f56bfc062723c751e8b465ee728b)
Start importing Assets/Snowconesolid Assets/Super Rubber Duck Pack/Rubber Duck PREFABS (Mobile)/RubberDuck_YinYang_MOBILE.prefab using Guid(cb8562b96af327b4a9399b3e3cdc545b) Importer(815301076,1909f56bfc062723c751e8b465ee728b)  -> (artifact id: '25854c8c5e9ac9199cb5a4f1963a888c') in 0.012283 seconds 
========================================================================
Received Import Request.
  Time since last request: 0.000033 seconds.
  path: Assets/Snowconesolid Assets/Super Rubber Duck Pack/Rubber Duck PREFABS (Mobile)/RubberDuck_GreenDark_MOBILE.prefab
  artifactKey: Guid(6ae48d75a0448e646ba66e87cfde06fc) Importer(815301076,1909f56bfc062723c751e8b465ee728b)
Start importing Assets/Snowconesolid Assets/Super Rubber Duck Pack/Rubber Duck PREFABS (Mobile)/RubberDuck_GreenDark_MOBILE.prefab using Guid(6ae48d75a0448e646ba66e87cfde06fc) Importer(815301076,1909f56bfc062723c751e8b465ee728b)  -> (artifact id: '1038c1739c8a68381cfb0f61b20f12a7') in 0.012261 seconds 
